nohup: ignoring input
[2025-12-01 13:14:35] [WARNING] exchange_api: 🚀 [REAL]
[2025-12-01 13:14:35] [INFO] main: 🤖 Bybit Wave Bot v8.1 Starting...
[2025-12-01 13:14:38] [INFO] main: [Status] Mode=STARTUP, Price=0.0, Line=0
[2025-12-01 13:14:41] [INFO] main: [Status] Mode=STARTUP, Price=0.0, Line=0
[2025-12-01 13:14:44] [INFO] main: [Status] Mode=STARTUP, Price=0.0, Line=0
[2025-12-01 13:14:46] [INFO] main: [Status] Mode=STARTUP, Price=0.0, Line=0
[2025-12-01 13:14:49] [INFO] main: [Status] Mode=STARTUP, Price=0.0, Line=0
[2025-12-01 13:14:52] [INFO] main: [Status] Mode=STARTUP, Price=0.0, Line=0
[2025-12-01 13:14:55] [INFO] main: [Status] Mode=STARTUP, Price=0.0, Line=0
[2025-12-01 13:14:57] [INFO] main: [Status] Mode=STARTUP, Price=0.0, Line=0
[2025-12-01 13:15:00] [INFO] main: [Status] Mode=STARTUP, Price=0.0, Line=0
[2025-12-01 13:15:03] [INFO] main: [Status] Mode=STARTUP, Price=0.0, Line=0
[2025-12-01 13:15:06] [INFO] main: [Status] Mode=STARTUP, Price=0.0, Line=0
[2025-12-01 13:15:08] [INFO] main: [Status] Mode=STARTUP, Price=0.0, Line=0
[2025-12-01 13:15:11] [INFO] main: [Status] Mode=STARTUP, Price=0.0, Line=0
[2025-12-01 13:15:14] [INFO] main: [Status] Mode=STARTUP, Price=0.0, Line=0
[2025-12-01 13:15:16] [INFO] main: [Status] Mode=STARTUP, Price=0.0, Line=0
[2025-12-01 13:15:19] [INFO] main: [Status] Mode=STARTUP, Price=0.0, Line=0
[2025-12-01 13:15:22] [INFO] main: [Status] Mode=STARTUP, Price=0.0, Line=0
[2025-12-01 13:15:25] [INFO] main: [Status] Mode=STARTUP, Price=0.0, Line=0
[2025-12-01 13:15:27] [INFO] main: [Status] Mode=STARTUP, Price=0.0, Line=0
[2025-12-01 13:15:30] [INFO] main: [Status] Mode=STARTUP, Price=0.0, Line=0
[2025-12-01 13:15:33] [INFO] main: [Status] Mode=STARTUP, Price=0.0, Line=0
[2025-12-01 13:15:36] [INFO] main: [Status] Mode=STARTUP, Price=0.0, Line=0
[2025-12-01 13:15:38] [INFO] main: [Status] Mode=STARTUP, Price=0.0, Line=0
[2025-12-01 13:15:41] [INFO] main: [Status] Mode=STARTUP, Price=0.0, Line=0
[2025-12-01 13:15:44] [INFO] main: [Status] Mode=STARTUP, Price=0.0, Line=0
[2025-12-01 13:15:46] [INFO] main: [Status] Mode=STARTUP, Price=0.0, Line=0
[2025-12-01 13:15:49] [INFO] main: [Status] Mode=STARTUP, Price=0.0, Line=0
[2025-12-01 13:15:52] [INFO] main: [Status] Mode=STARTUP, Price=0.0, Line=0
[2025-12-01 13:15:55] [INFO] main: [Status] Mode=STARTUP, Price=0.0, Line=0
[2025-12-01 13:15:57] [INFO] main: [Status] Mode=STARTUP, Price=0.0, Line=0
[2025-12-01 13:16:00] [INFO] main: [Status] Mode=STARTUP, Price=0.0, Line=0
[2025-12-01 13:16:03] [INFO] main: [Status] Mode=STARTUP, Price=0.0, Line=0
[2025-12-01 13:16:06] [INFO] main: [Status] Mode=STARTUP, Price=0.0, Line=0
[2025-12-01 13:16:08] [INFO] main: [Status] Mode=STARTUP, Price=0.0, Line=0
[2025-12-01 13:16:11] [INFO] main: [Status] Mode=STARTUP, Price=0.0, Line=0
[2025-12-01 13:16:14] [INFO] main: [Status] Mode=STARTUP, Price=0.0, Line=0
[2025-12-01 13:16:17] [INFO] main: [Status] Mode=STARTUP, Price=0.0, Line=0
[2025-12-01 13:16:19] [INFO] main: [Status] Mode=STARTUP, Price=0.0, Line=0
[2025-12-01 13:16:22] [INFO] main: [Status] Mode=STARTUP, Price=0.0, Line=0
[2025-12-01 13:16:25] [INFO] main: [Status] Mode=STARTUP, Price=0.0, Line=0
[2025-12-01 13:16:27] [INFO] main: [Status] Mode=STARTUP, Price=0.0, Line=0
[2025-12-01 13:16:30] [INFO] main: [Status] Mode=STARTUP, Price=0.0, Line=0
[2025-12-01 13:16:33] [INFO] main: [Status] Mode=STARTUP, Price=0.0, Line=0
[2025-12-01 13:16:36] [INFO] main: [Status] Mode=STARTUP, Price=0.0, Line=0
[2025-12-01 13:16:38] [INFO] main: [Status] Mode=STARTUP, Price=0.0, Line=0
[2025-12-01 13:16:41] [INFO] main: [Status] Mode=STARTUP, Price=0.0, Line=0
[2025-12-01 13:16:44] [INFO] main: [Status] Mode=STARTUP, Price=0.0, Line=0
[2025-12-01 13:16:47] [INFO] main: [Status] Mode=STARTUP, Price=0.0, Line=0
[2025-12-01 13:16:49] [INFO] main: [Status] Mode=STARTUP, Price=0.0, Line=0
[2025-12-01 13:16:52] [INFO] main: [Status] Mode=STARTUP, Price=0.0, Line=0
[2025-12-01 13:16:55] [INFO] main: [Status] Mode=STARTUP, Price=0.0, Line=0
[2025-12-01 13:16:57] [INFO] main: [Status] Mode=STARTUP, Price=0.0, Line=0
[2025-12-01 13:17:00] [INFO] main: [Status] Mode=STARTUP, Price=0.0, Line=0
[2025-12-01 13:17:03] [INFO] main: [Status] Mode=STARTUP, Price=0.0, Line=0
[2025-12-01 13:17:06] [INFO] main: [Status] Mode=STARTUP, Price=0.0, Line=0
[2025-12-01 13:17:08] [INFO] main: [Status] Mode=STARTUP, Price=0.0, Line=0
[2025-12-01 13:17:11] [INFO] main: [Status] Mode=STARTUP, Price=0.0, Line=0
[2025-12-01 13:17:14] [INFO] main: [Status] Mode=STARTUP, Price=0.0, Line=0
[2025-12-01 13:17:17] [INFO] main: [Status] Mode=STARTUP, Price=0.0, Line=0
[2025-12-01 13:17:19] [INFO] main: [Status] Mode=STARTUP, Price=0.0, Line=0
[2025-12-01 13:17:22] [INFO] main: [Status] Mode=STARTUP, Price=0.0, Line=0
[2025-12-01 13:17:25] [INFO] main: [Status] Mode=STARTUP, Price=0.0, Line=0
[2025-12-01 13:17:27] [INFO] main: [Status] Mode=STARTUP, Price=0.0, Line=0
[2025-12-01 13:17:30] [INFO] main: [Status] Mode=STARTUP, Price=0.0, Line=0
[2025-12-01 13:17:33] [INFO] main: [Status] Mode=STARTUP, Price=0.0, Line=0
[2025-12-01 13:17:36] [INFO] main: [Status] Mode=STARTUP, Price=0.0, Line=0
[2025-12-01 13:17:38] [INFO] main: [Status] Mode=STARTUP, Price=0.0, Line=0
[2025-12-01 13:17:42] [INFO] main: [Status] Mode=STARTUP, Price=0.0, Line=0
[2025-12-01 13:17:44] [INFO] main: [Status] Mode=STARTUP, Price=0.0, Line=0
[2025-12-01 13:17:47] [INFO] main: [Status] Mode=STARTUP, Price=0.0, Line=0
[2025-12-01 13:17:50] [INFO] main: [Status] Mode=STARTUP, Price=0.0, Line=0
[2025-12-01 13:17:52] [INFO] main: [Status] Mode=STARTUP, Price=0.0, Line=0
[2025-12-01 13:17:55] [INFO] main: [Status] Mode=STARTUP, Price=0.0, Line=0
[2025-12-01 13:17:58] [INFO] main: [Status] Mode=STARTUP, Price=0.0, Line=0
[2025-12-01 13:18:01] [INFO] main: [Status] Mode=STARTUP, Price=0.0, Line=0
[2025-12-01 13:18:03] [INFO] main: [Status] Mode=STARTUP, Price=0.0, Line=0
[2025-12-01 13:18:06] [INFO] main: [Status] Mode=STARTUP, Price=0.0, Line=0
[2025-12-01 13:18:09] [INFO] main: [Status] Mode=STARTUP, Price=0.0, Line=0
[2025-12-01 13:18:12] [INFO] main: [Status] Mode=STARTUP, Price=0.0, Line=0
[2025-12-01 13:18:14] [INFO] main: [Status] Mode=STARTUP, Price=0.0, Line=0
[2025-12-01 13:18:17] [INFO] main: [Status] Mode=STARTUP, Price=0.0, Line=0
[2025-12-01 13:18:20] [INFO] main: [Status] Mode=STARTUP, Price=0.0, Line=0
[2025-12-01 13:18:22] [INFO] main: [Status] Mode=STARTUP, Price=0.0, Line=0
[2025-12-01 13:18:25] [INFO] main: [Status] Mode=STARTUP, Price=0.0, Line=0
[2025-12-01 13:18:28] [INFO] main: [Status] Mode=STARTUP, Price=0.0, Line=0
[2025-12-01 13:18:31] [INFO] main: [Status] Mode=STARTUP, Price=0.0, Line=0
[2025-12-01 13:18:33] [INFO] main: [Status] Mode=STARTUP, Price=0.0, Line=0
[2025-12-01 13:18:36] [INFO] main: [Status] Mode=STARTUP, Price=0.0, Line=0
[2025-12-01 13:18:39] [INFO] main: [Status] Mode=STARTUP, Price=0.0, Line=0
[2025-12-01 13:18:42] [INFO] main: [Status] Mode=STARTUP, Price=0.0, Line=0
[2025-12-01 13:18:44] [INFO] main: [Status] Mode=STARTUP, Price=0.0, Line=0
[2025-12-01 13:18:47] [INFO] main: [Status] Mode=STARTUP, Price=0.0, Line=0
[2025-12-01 13:18:50] [INFO] main: [Status] Mode=STARTUP, Price=0.0, Line=0
[2025-12-01 13:18:52] [INFO] main: [Status] Mode=STARTUP, Price=0.0, Line=0
[2025-12-01 13:18:55] [INFO] main: [Status] Mode=STARTUP, Price=0.0, Line=0
[2025-12-01 13:18:58] [INFO] main: [Status] Mode=STARTUP, Price=0.0, Line=0
[2025-12-01 13:19:01] [INFO] main: [Status] Mode=STARTUP, Price=0.0, Line=0
[2025-12-01 13:19:03] [INFO] main: [Status] Mode=STARTUP, Price=0.0, Line=0
[2025-12-01 13:19:06] [INFO] main: [Status] Mode=STARTUP, Price=0.0, Line=0
[2025-12-01 13:19:09] [INFO] main: [Status] Mode=STARTUP, Price=0.0, Line=0
[2025-12-01 13:19:11] [INFO] main: [Status] Mode=STARTUP, Price=0.0, Line=0
[2025-12-01 13:19:14] [INFO] main: [Status] Mode=STARTUP, Price=0.0, Line=0
[2025-12-01 13:19:17] [INFO] main: [Status] Mode=STARTUP, Price=0.0, Line=0
[2025-12-01 13:19:20] [INFO] main: [Status] Mode=STARTUP, Price=0.0, Line=0
[2025-12-01 13:19:22] [INFO] main: [Status] Mode=STARTUP, Price=0.0, Line=0
[2025-12-01 13:19:25] [INFO] main: [Status] Mode=STARTUP, Price=0.0, Line=0
[2025-12-01 13:19:28] [INFO] main: [Status] Mode=STARTUP, Price=0.0, Line=0
[2025-12-01 13:19:31] [INFO] main: [Status] Mode=STARTUP, Price=0.0, Line=0
[2025-12-01 13:19:33] [INFO] main: [Status] Mode=STARTUP, Price=0.0, Line=0
[2025-12-01 13:19:36] [INFO] main: [Status] Mode=STARTUP, Price=0.0, Line=0
[2025-12-01 13:19:39] [INFO] main: [Status] Mode=STARTUP, Price=0.0, Line=0
[2025-12-01 13:19:41] [INFO] main: [Status] Mode=STARTUP, Price=0.0, Line=0
[2025-12-01 13:19:44] [INFO] main: [Status] Mode=STARTUP, Price=0.0, Line=0
[2025-12-01 13:19:47] [INFO] main: [Status] Mode=STARTUP, Price=0.0, Line=0
[2025-12-01 13:19:50] [INFO] main: [Status] Mode=STARTUP, Price=0.0, Line=0
[2025-12-01 13:19:52] [INFO] main: [Status] Mode=STARTUP, Price=0.0, Line=0
[2025-12-01 13:19:55] [INFO] main: [Status] Mode=STARTUP, Price=0.0, Line=0
[2025-12-01 13:19:58] [INFO] main: [Status] Mode=STARTUP, Price=0.0, Line=0
[2025-12-01 13:20:01] [INFO] main: [Status] Mode=STARTUP, Price=0.0, Line=0
[2025-12-01 13:20:03] [INFO] main: [Status] Mode=STARTUP, Price=0.0, Line=0
[2025-12-01 13:20:06] [INFO] main: [Status] Mode=STARTUP, Price=0.0, Line=0
[2025-12-01 13:20:09] [INFO] main: [Status] Mode=STARTUP, Price=0.0, Line=0
[2025-12-01 13:20:11] [INFO] main: [Status] Mode=STARTUP, Price=0.0, Line=0
[2025-12-01 13:20:14] [INFO] main: [Status] Mode=STARTUP, Price=0.0, Line=0
[2025-12-01 13:20:17] [INFO] main: [Status] Mode=STARTUP, Price=0.0, Line=0
[2025-12-01 13:20:20] [INFO] main: [Status] Mode=STARTUP, Price=0.0, Line=0
[2025-12-01 13:20:22] [INFO] main: [Status] Mode=STARTUP, Price=0.0, Line=0
[2025-12-01 13:20:25] [INFO] main: [Status] Mode=STARTUP, Price=0.0, Line=0
[2025-12-01 13:20:28] [INFO] main: [Status] Mode=STARTUP, Price=0.0, Line=0
[2025-12-01 13:20:31] [INFO] main: [Status] Mode=STARTUP, Price=0.0, Line=0
[2025-12-01 13:20:33] [INFO] main: [Status] Mode=STARTUP, Price=0.0, Line=0
[2025-12-01 13:20:36] [INFO] main: [Status] Mode=STARTUP, Price=0.0, Line=0
[2025-12-01 13:20:39] [INFO] main: [Status] Mode=STARTUP, Price=0.0, Line=0
[2025-12-01 13:20:42] [INFO] main: [Status] Mode=STARTUP, Price=0.0, Line=0
[2025-12-01 13:20:44] [INFO] main: [Status] Mode=STARTUP, Price=0.0, Line=0
[2025-12-01 13:20:47] [INFO] main: [Status] Mode=STARTUP, Price=0.0, Line=0
[2025-12-01 13:20:50] [INFO] main: [Status] Mode=STARTUP, Price=0.0, Line=0
[2025-12-01 13:20:52] [INFO] main: [Status] Mode=STARTUP, Price=0.0, Line=0
[2025-12-01 13:20:55] [INFO] main: [Status] Mode=STARTUP, Price=0.0, Line=0
[2025-12-01 13:20:58] [INFO] main: [Status] Mode=STARTUP, Price=0.0, Line=0
[2025-12-01 13:21:01] [INFO] main: [Status] Mode=STARTUP, Price=0.0, Line=0
[2025-12-01 13:21:03] [INFO] main: [Status] Mode=STARTUP, Price=0.0, Line=0
[2025-12-01 13:21:06] [INFO] main: [Status] Mode=STARTUP, Price=0.0, Line=0
[2025-12-01 13:21:09] [INFO] main: [Status] Mode=STARTUP, Price=0.0, Line=0
[2025-12-01 13:21:12] [INFO] main: [Status] Mode=STARTUP, Price=0.0, Line=0
[2025-12-01 13:21:14] [INFO] main: [Status] Mode=STARTUP, Price=0.0, Line=0
[2025-12-01 13:21:17] [INFO] main: [Status] Mode=STARTUP, Price=0.0, Line=0
[2025-12-01 13:21:20] [INFO] main: [Status] Mode=STARTUP, Price=0.0, Line=0
[2025-12-01 13:21:22] [INFO] main: [Status] Mode=STARTUP, Price=0.0, Line=0
[2025-12-01 13:21:25] [INFO] main: [Status] Mode=STARTUP, Price=0.0, Line=0
[2025-12-01 13:21:28] [INFO] main: [Status] Mode=STARTUP, Price=0.0, Line=0
[2025-12-01 13:21:31] [INFO] main: [Status] Mode=STARTUP, Price=0.0, Line=0
[2025-12-01 13:21:33] [INFO] main: [Status] Mode=STARTUP, Price=0.0, Line=0
[2025-12-01 13:21:36] [INFO] main: [Status] Mode=STARTUP, Price=0.0, Line=0
[2025-12-01 13:21:39] [INFO] main: [Status] Mode=STARTUP, Price=0.0, Line=0
[2025-12-01 13:21:41] [INFO] main: [Status] Mode=STARTUP, Price=0.0, Line=0
[2025-12-01 13:21:44] [INFO] main: [Status] Mode=STARTUP, Price=0.0, Line=0
[2025-12-01 13:21:47] [INFO] main: [Status] Mode=STARTUP, Price=0.0, Line=0
[2025-12-01 13:21:50] [INFO] main: [Status] Mode=STARTUP, Price=0.0, Line=0
[2025-12-01 13:21:52] [INFO] main: [Status] Mode=STARTUP, Price=0.0, Line=0
[2025-12-01 13:21:55] [INFO] main: [Status] Mode=STARTUP, Price=0.0, Line=0
[2025-12-01 13:21:58] [INFO] main: [Status] Mode=STARTUP, Price=0.0, Line=0
[2025-12-01 13:22:01] [INFO] main: [Status] Mode=STARTUP, Price=0.0, Line=0
[2025-12-01 13:22:03] [INFO] main: [Status] Mode=STARTUP, Price=0.0, Line=0
[2025-12-01 13:22:06] [INFO] main: [Status] Mode=STARTUP, Price=0.0, Line=0
[2025-12-01 13:22:09] [INFO] main: [Status] Mode=STARTUP, Price=0.0, Line=0
[2025-12-01 13:22:11] [INFO] main: [Status] Mode=STARTUP, Price=0.0, Line=0
[2025-12-01 13:22:14] [INFO] main: [Status] Mode=STARTUP, Price=0.0, Line=0
[2025-12-01 13:22:17] [INFO] main: [Status] Mode=STARTUP, Price=0.0, Line=0
[2025-12-01 13:22:20] [INFO] main: [Status] Mode=STARTUP, Price=0.0, Line=0
[2025-12-01 13:22:22] [INFO] main: [Status] Mode=STARTUP, Price=0.0, Line=0
[2025-12-01 13:22:25] [INFO] main: [Status] Mode=STARTUP, Price=0.0, Line=0
[2025-12-01 13:22:28] [INFO] main: [Status] Mode=STARTUP, Price=0.0, Line=0
[2025-12-01 13:22:31] [INFO] main: [Status] Mode=STARTUP, Price=0.0, Line=0
[2025-12-01 13:22:33] [INFO] main: [Status] Mode=STARTUP, Price=0.0, Line=0
[2025-12-01 13:22:36] [INFO] main: [Status] Mode=STARTUP, Price=0.0, Line=0
[2025-12-01 13:22:39] [INFO] main: [Status] Mode=STARTUP, Price=0.0, Line=0
[2025-12-01 13:22:42] [INFO] main: [Status] Mode=STARTUP, Price=0.0, Line=0
[2025-12-01 13:22:44] [INFO] main: [Status] Mode=STARTUP, Price=0.0, Line=0
[2025-12-01 13:22:47] [INFO] main: [Status] Mode=STARTUP, Price=0.0, Line=0
[2025-12-01 13:22:50] [INFO] main: [Status] Mode=STARTUP, Price=0.0, Line=0
[2025-12-01 13:22:52] [INFO] main: [Status] Mode=STARTUP, Price=0.0, Line=0
[2025-12-01 13:22:55] [INFO] main: [Status] Mode=STARTUP, Price=0.0, Line=0
[2025-12-01 13:22:58] [INFO] main: [Status] Mode=STARTUP, Price=0.0, Line=0
[2025-12-01 13:23:01] [INFO] main: [Status] Mode=STARTUP, Price=0.0, Line=0
[2025-12-01 13:23:03] [INFO] main: [Status] Mode=STARTUP, Price=0.0, Line=0
[2025-12-01 13:23:06] [INFO] main: [Status] Mode=STARTUP, Price=0.0, Line=0
[2025-12-01 13:23:09] [INFO] main: [Status] Mode=STARTUP, Price=0.0, Line=0
[2025-12-01 13:23:12] [INFO] main: [Status] Mode=STARTUP, Price=0.0, Line=0
[2025-12-01 13:23:14] [INFO] main: [Status] Mode=STARTUP, Price=0.0, Line=0
[2025-12-01 13:23:17] [INFO] main: [Status] Mode=STARTUP, Price=0.0, Line=0
[2025-12-01 13:23:20] [INFO] main: [Status] Mode=STARTUP, Price=0.0, Line=0
[2025-12-01 13:23:22] [INFO] main: [Status] Mode=STARTUP, Price=0.0, Line=0
[2025-12-01 13:23:25] [INFO] main: [Status] Mode=STARTUP, Price=0.0, Line=0
[2025-12-01 13:23:28] [INFO] main: [Status] Mode=STARTUP, Price=0.0, Line=0
[2025-12-01 13:23:31] [INFO] main: [Status] Mode=STARTUP, Price=0.0, Line=0
[2025-12-01 13:23:33] [INFO] main: [Status] Mode=STARTUP, Price=0.0, Line=0
[2025-12-01 13:23:36] [INFO] main: [Status] Mode=STARTUP, Price=0.0, Line=0
[2025-12-01 13:23:39] [INFO] main: [Status] Mode=STARTUP, Price=0.0, Line=0
[2025-12-01 13:23:42] [INFO] main: [Status] Mode=STARTUP, Price=0.0, Line=0
[2025-12-01 13:23:44] [INFO] main: [Status] Mode=STARTUP, Price=0.0, Line=0
[2025-12-01 13:23:47] [INFO] main: [Status] Mode=STARTUP, Price=0.0, Line=0
[2025-12-01 13:23:50] [INFO] main: [Status] Mode=STARTUP, Price=0.0, Line=0
[2025-12-01 13:23:52] [INFO] main: [Status] Mode=STARTUP, Price=0.0, Line=0
[2025-12-01 13:23:55] [INFO] main: [Status] Mode=STARTUP, Price=0.0, Line=0
[2025-12-01 13:23:58] [INFO] main: [Status] Mode=STARTUP, Price=0.0, Line=0
[2025-12-01 13:24:01] [INFO] main: [Status] Mode=STARTUP, Price=0.0, Line=0
[2025-12-01 13:24:03] [INFO] main: [Status] Mode=STARTUP, Price=0.0, Line=0
[2025-12-01 13:24:06] [INFO] main: [Status] Mode=STARTUP, Price=0.0, Line=0
[2025-12-01 13:24:09] [INFO] main: [Status] Mode=STARTUP, Price=0.0, Line=0
[2025-12-01 13:24:11] [INFO] main: [Status] Mode=STARTUP, Price=0.0, Line=0
[2025-12-01 13:24:14] [INFO] main: [Status] Mode=STARTUP, Price=0.0, Line=0
[2025-12-01 13:24:17] [INFO] main: [Status] Mode=STARTUP, Price=0.0, Line=0
[2025-12-01 13:24:20] [INFO] main: [Status] Mode=STARTUP, Price=0.0, Line=0
[2025-12-01 13:24:22] [INFO] main: [Status] Mode=STARTUP, Price=0.0, Line=0
[2025-12-01 13:24:25] [INFO] main: [Status] Mode=STARTUP, Price=0.0, Line=0
[2025-12-01 13:24:28] [INFO] main: [Status] Mode=STARTUP, Price=0.0, Line=0
[2025-12-01 13:24:31] [INFO] main: [Status] Mode=STARTUP, Price=0.0, Line=0
[2025-12-01 13:24:33] [INFO] main: [Status] Mode=STARTUP, Price=0.0, Line=0
[2025-12-01 13:24:36] [INFO] main: [Status] Mode=STARTUP, Price=0.0, Line=0
[2025-12-01 13:24:39] [INFO] main: [Status] Mode=STARTUP, Price=0.0, Line=0
[2025-12-01 13:24:41] [INFO] main: [Status] Mode=STARTUP, Price=0.0, Line=0
[2025-12-01 13:24:44] [INFO] main: [Status] Mode=STARTUP, Price=0.0, Line=0
[2025-12-01 13:24:47] [INFO] main: [Status] Mode=STARTUP, Price=0.0, Line=0
[2025-12-01 13:24:50] [INFO] main: [Status] Mode=STARTUP, Price=0.0, Line=0
[2025-12-01 13:24:52] [INFO] main: [Status] Mode=STARTUP, Price=0.0, Line=0
[2025-12-01 13:24:55] [INFO] main: [Status] Mode=STARTUP, Price=0.0, Line=0
[2025-12-01 13:24:58] [INFO] main: [Status] Mode=STARTUP, Price=0.0, Line=0
[2025-12-01 13:25:01] [INFO] main: [Status] Mode=STARTUP, Price=0.0, Line=0
[2025-12-01 13:25:03] [INFO] main: [Status] Mode=STARTUP, Price=0.0, Line=0
[2025-12-01 13:25:06] [INFO] main: [Status] Mode=STARTUP, Price=0.0, Line=0
[2025-12-01 13:25:09] [INFO] main: [Status] Mode=STARTUP, Price=0.0, Line=0
[2025-12-01 13:25:11] [INFO] main: [Status] Mode=STARTUP, Price=0.0, Line=0
[2025-12-01 13:25:14] [INFO] main: [Status] Mode=STARTUP, Price=0.0, Line=0
[2025-12-01 13:25:17] [INFO] main: [Status] Mode=STARTUP, Price=0.0, Line=0
[2025-12-01 13:25:20] [INFO] main: [Status] Mode=STARTUP, Price=0.0, Line=0
[2025-12-01 13:25:22] [INFO] main: [Status] Mode=STARTUP, Price=0.0, Line=0
[2025-12-01 13:25:25] [INFO] main: [Status] Mode=STARTUP, Price=0.0, Line=0
[2025-12-01 13:25:28] [INFO] main: [Status] Mode=STARTUP, Price=0.0, Line=0
[2025-12-01 13:25:31] [INFO] main: [Status] Mode=STARTUP, Price=0.0, Line=0
[2025-12-01 13:25:33] [INFO] main: [Status] Mode=STARTUP, Price=0.0, Line=0
[2025-12-01 13:25:36] [INFO] main: [Status] Mode=STARTUP, Price=0.0, Line=0
[2025-12-01 13:25:39] [INFO] main: [Status] Mode=STARTUP, Price=0.0, Line=0
[2025-12-01 13:25:41] [INFO] main: [Status] Mode=STARTUP, Price=0.0, Line=0
[2025-12-01 13:25:44] [INFO] main: [Status] Mode=STARTUP, Price=0.0, Line=0
[2025-12-01 13:25:47] [INFO] main: [Status] Mode=STARTUP, Price=0.0, Line=0
[2025-12-01 13:25:50] [INFO] main: [Status] Mode=STARTUP, Price=0.0, Line=0
[2025-12-01 13:25:52] [INFO] main: [Status] Mode=STARTUP, Price=0.0, Line=0
[2025-12-01 13:25:55] [INFO] main: [Status] Mode=STARTUP, Price=0.0, Line=0
[2025-12-01 13:25:58] [INFO] main: [Status] Mode=STARTUP, Price=0.0, Line=0
[2025-12-01 13:26:00] [INFO] main: [Status] Mode=STARTUP, Price=0.0, Line=0
[2025-12-01 13:26:03] [INFO] main: [Status] Mode=STARTUP, Price=0.0, Line=0
[2025-12-01 13:26:06] [INFO] main: [Status] Mode=STARTUP, Price=0.0, Line=0
[2025-12-01 13:26:09] [INFO] main: [Status] Mode=STARTUP, Price=0.0, Line=0
[2025-12-01 13:26:11] [INFO] main: [Status] Mode=STARTUP, Price=0.0, Line=0
[2025-12-01 13:26:14] [INFO] main: [Status] Mode=STARTUP, Price=0.0, Line=0
[2025-12-01 13:26:17] [INFO] main: [Status] Mode=STARTUP, Price=0.0, Line=0
[2025-12-01 13:26:20] [INFO] main: [Status] Mode=STARTUP, Price=0.0, Line=0
[2025-12-01 13:26:22] [INFO] main: [Status] Mode=STARTUP, Price=0.0, Line=0
[2025-12-01 13:26:25] [INFO] main: [Status] Mode=STARTUP, Price=0.0, Line=0
[2025-12-01 13:26:28] [INFO] main: [Status] Mode=STARTUP, Price=0.0, Line=0
[2025-12-01 13:26:30] [INFO] main: [Status] Mode=STARTUP, Price=0.0, Line=0
[2025-12-01 13:26:33] [INFO] main: [Status] Mode=STARTUP, Price=0.0, Line=0
[2025-12-01 13:26:36] [INFO] main: [Status] Mode=STARTUP, Price=0.0, Line=0
[2025-12-01 13:26:39] [INFO] main: [Status] Mode=STARTUP, Price=0.0, Line=0
[2025-12-01 13:26:41] [INFO] main: [Status] Mode=STARTUP, Price=0.0, Line=0
[2025-12-01 13:26:44] [INFO] main: [Status] Mode=STARTUP, Price=0.0, Line=0
[2025-12-01 13:26:47] [INFO] main: [Status] Mode=STARTUP, Price=0.0, Line=0
[2025-12-01 13:26:50] [INFO] main: [Status] Mode=STARTUP, Price=0.0, Line=0
[2025-12-01 13:26:52] [INFO] main: [Status] Mode=STARTUP, Price=0.0, Line=0
[2025-12-01 13:26:55] [INFO] main: [Status] Mode=STARTUP, Price=0.0, Line=0
[2025-12-01 13:26:58] [INFO] main: [Status] Mode=STARTUP, Price=0.0, Line=0
[2025-12-01 13:27:00] [INFO] main: [Status] Mode=STARTUP, Price=0.0, Line=0
[2025-12-01 13:27:03] [INFO] main: [Status] Mode=STARTUP, Price=0.0, Line=0
[2025-12-01 13:27:06] [INFO] main: [Status] Mode=STARTUP, Price=0.0, Line=0
[2025-12-01 13:27:09] [INFO] main: [Status] Mode=STARTUP, Price=0.0, Line=0
[2025-12-01 13:27:11] [INFO] main: [Status] Mode=STARTUP, Price=0.0, Line=0
[2025-12-01 13:27:14] [INFO] main: [Status] Mode=STARTUP, Price=0.0, Line=0
[2025-12-01 13:27:17] [INFO] main: [Status] Mode=STARTUP, Price=0.0, Line=0
[2025-12-01 13:27:20] [INFO] main: [Status] Mode=STARTUP, Price=0.0, Line=0
[2025-12-01 13:27:22] [INFO] main: [Status] Mode=STARTUP, Price=0.0, Line=0
[2025-12-01 13:27:25] [INFO] main: [Status] Mode=STARTUP, Price=0.0, Line=0
[2025-12-01 13:27:28] [INFO] main: [Status] Mode=STARTUP, Price=0.0, Line=0
[2025-12-01 13:27:30] [INFO] main: [Status] Mode=STARTUP, Price=0.0, Line=0
[2025-12-01 13:27:33] [INFO] main: [Status] Mode=STARTUP, Price=0.0, Line=0
[2025-12-01 13:27:36] [INFO] main: [Status] Mode=STARTUP, Price=0.0, Line=0
[2025-12-01 13:27:39] [INFO] main: [Status] Mode=STARTUP, Price=0.0, Line=0
[2025-12-01 13:27:41] [INFO] main: [Status] Mode=STARTUP, Price=0.0, Line=0
[2025-12-01 13:27:44] [INFO] main: [Status] Mode=STARTUP, Price=0.0, Line=0
[2025-12-01 13:27:47] [INFO] main: [Status] Mode=STARTUP, Price=0.0, Line=0
[2025-12-01 13:27:50] [INFO] main: [Status] Mode=STARTUP, Price=0.0, Line=0
[2025-12-01 13:27:52] [INFO] main: [Status] Mode=STARTUP, Price=0.0, Line=0
[2025-12-01 13:27:55] [INFO] main: [Status] Mode=STARTUP, Price=0.0, Line=0
[2025-12-01 13:27:58] [INFO] main: [Status] Mode=STARTUP, Price=0.0, Line=0
[2025-12-01 13:28:00] [INFO] main: [Status] Mode=STARTUP, Price=0.0, Line=0
[2025-12-01 13:28:03] [INFO] main: [Status] Mode=STARTUP, Price=0.0, Line=0
[2025-12-01 13:28:06] [INFO] main: [Status] Mode=STARTUP, Price=0.0, Line=0
[2025-12-01 13:28:09] [INFO] main: [Status] Mode=STARTUP, Price=0.0, Line=0
[2025-12-01 13:28:11] [INFO] main: [Status] Mode=STARTUP, Price=0.0, Line=0
[2025-12-01 13:28:14] [INFO] main: [Status] Mode=STARTUP, Price=0.0, Line=0
[2025-12-01 13:28:17] [INFO] main: [Status] Mode=STARTUP, Price=0.0, Line=0
[2025-12-01 13:28:20] [INFO] main: [Status] Mode=STARTUP, Price=0.0, Line=0
[2025-12-01 13:28:22] [INFO] main: [Status] Mode=STARTUP, Price=0.0, Line=0
[2025-12-01 13:28:25] [INFO] main: [Status] Mode=STARTUP, Price=0.0, Line=0
[2025-12-01 13:28:28] [INFO] main: [Status] Mode=STARTUP, Price=0.0, Line=0
[2025-12-01 13:28:30] [INFO] main: [Status] Mode=STARTUP, Price=0.0, Line=0
[2025-12-01 13:28:33] [INFO] main: [Status] Mode=STARTUP, Price=0.0, Line=0
[2025-12-01 13:28:36] [INFO] main: [Status] Mode=STARTUP, Price=0.0, Line=0
[2025-12-01 13:28:39] [INFO] main: [Status] Mode=STARTUP, Price=0.0, Line=0
[2025-12-01 13:28:41] [INFO] main: [Status] Mode=STARTUP, Price=0.0, Line=0
[2025-12-01 13:28:44] [INFO] main: [Status] Mode=STARTUP, Price=0.0, Line=0
[2025-12-01 13:28:47] [INFO] main: [Status] Mode=STARTUP, Price=0.0, Line=0
[2025-12-01 13:28:50] [INFO] main: [Status] Mode=STARTUP, Price=0.0, Line=0
[2025-12-01 13:28:52] [INFO] main: [Status] Mode=STARTUP, Price=0.0, Line=0
[2025-12-01 13:28:55] [INFO] main: [Status] Mode=STARTUP, Price=0.0, Line=0
[2025-12-01 13:28:58] [INFO] main: [Status] Mode=STARTUP, Price=0.0, Line=0
[2025-12-01 13:29:00] [INFO] main: [Status] Mode=STARTUP, Price=0.0, Line=0
[2025-12-01 13:29:03] [INFO] main: [Status] Mode=STARTUP, Price=0.0, Line=0
[2025-12-01 13:29:06] [INFO] main: [Status] Mode=STARTUP, Price=0.0, Line=0
[2025-12-01 13:29:09] [INFO] main: [Status] Mode=STARTUP, Price=0.0, Line=0
[2025-12-01 13:29:11] [INFO] main: [Status] Mode=STARTUP, Price=0.0, Line=0
[2025-12-01 13:29:14] [INFO] main: [Status] Mode=STARTUP, Price=0.0, Line=0
[2025-12-01 13:29:17] [INFO] main: [Status] Mode=STARTUP, Price=0.0, Line=0
[2025-12-01 13:29:20] [INFO] main: [Status] Mode=STARTUP, Price=0.0, Line=0
[2025-12-01 13:29:22] [INFO] main: [Status] Mode=STARTUP, Price=0.0, Line=0
[2025-12-01 13:29:25] [INFO] main: [Status] Mode=STARTUP, Price=0.0, Line=0
[2025-12-01 13:29:28] [INFO] main: [Status] Mode=STARTUP, Price=0.0, Line=0
[2025-12-01 13:29:30] [INFO] main: [Status] Mode=STARTUP, Price=0.0, Line=0
[2025-12-01 13:29:33] [INFO] main: [Status] Mode=STARTUP, Price=0.0, Line=0
[2025-12-01 13:29:36] [INFO] main: [Status] Mode=STARTUP, Price=0.0, Line=0
[2025-12-01 13:29:39] [INFO] main: [Status] Mode=STARTUP, Price=0.0, Line=0
[2025-12-01 13:29:41] [INFO] main: [Status] Mode=STARTUP, Price=0.0, Line=0
[2025-12-01 13:29:44] [INFO] main: [Status] Mode=STARTUP, Price=0.0, Line=0
[2025-12-01 13:29:47] [INFO] main: [Status] Mode=STARTUP, Price=0.0, Line=0
[2025-12-01 13:29:50] [INFO] main: [Status] Mode=STARTUP, Price=0.0, Line=0
[2025-12-01 13:29:52] [INFO] main: [Status] Mode=STARTUP, Price=0.0, Line=0
[2025-12-01 13:29:55] [INFO] main: [Status] Mode=STARTUP, Price=0.0, Line=0
[2025-12-01 13:29:58] [INFO] main: [Status] Mode=STARTUP, Price=0.0, Line=0
[2025-12-01 13:30:00] [INFO] main: [Status] Mode=STARTUP, Price=0.0, Line=0
[2025-12-01 13:30:03] [INFO] main: [Status] Mode=STARTUP, Price=0.0, Line=0
[2025-12-01 13:30:06] [INFO] main: [Status] Mode=STARTUP, Price=0.0, Line=0
[2025-12-01 13:30:09] [INFO] main: [Status] Mode=STARTUP, Price=0.0, Line=0
[2025-12-01 13:30:11] [INFO] main: [Status] Mode=STARTUP, Price=0.0, Line=0
[2025-12-01 13:30:14] [INFO] main: [Status] Mode=STARTUP, Price=0.0, Line=0
[2025-12-01 13:30:17] [INFO] main: [Status] Mode=STARTUP, Price=0.0, Line=0
[2025-12-01 13:30:19] [INFO] main: [Status] Mode=STARTUP, Price=0.0, Line=0
[2025-12-01 13:30:22] [INFO] main: [Status] Mode=STARTUP, Price=0.0, Line=0
[2025-12-01 13:30:25] [INFO] main: [Status] Mode=STARTUP, Price=0.0, Line=0
[2025-12-01 13:30:28] [INFO] main: [Status] Mode=STARTUP, Price=0.0, Line=0
[2025-12-01 13:30:30] [INFO] main: [Status] Mode=STARTUP, Price=0.0, Line=0
[2025-12-01 13:30:33] [INFO] main: [Status] Mode=STARTUP, Price=0.0, Line=0
[2025-12-01 13:30:36] [INFO] main: [Status] Mode=STARTUP, Price=0.0, Line=0
[2025-12-01 13:30:39] [INFO] main: [Status] Mode=STARTUP, Price=0.0, Line=0
[2025-12-01 13:30:41] [INFO] main: [Status] Mode=STARTUP, Price=0.0, Line=0
[2025-12-01 13:30:44] [INFO] main: [Status] Mode=STARTUP, Price=0.0, Line=0
[2025-12-01 13:30:47] [INFO] main: [Status] Mode=STARTUP, Price=0.0, Line=0
[2025-12-01 13:30:50] [INFO] main: [Status] Mode=STARTUP, Price=0.0, Line=0
[2025-12-01 13:30:52] [INFO] main: [Status] Mode=STARTUP, Price=0.0, Line=0
[2025-12-01 13:30:55] [INFO] main: [Status] Mode=STARTUP, Price=0.0, Line=0
[2025-12-01 13:30:58] [INFO] main: [Status] Mode=STARTUP, Price=0.0, Line=0
[2025-12-01 13:31:00] [INFO] main: [Status] Mode=STARTUP, Price=0.0, Line=0
[2025-12-01 13:31:03] [INFO] main: [Status] Mode=STARTUP, Price=0.0, Line=0
[2025-12-01 13:31:06] [INFO] main: [Status] Mode=STARTUP, Price=0.0, Line=0
[2025-12-01 13:31:09] [INFO] main: [Status] Mode=STARTUP, Price=0.0, Line=0
[2025-12-01 13:31:11] [INFO] main: [Status] Mode=STARTUP, Price=0.0, Line=0
[2025-12-01 13:31:14] [INFO] main: [Status] Mode=STARTUP, Price=0.0, Line=0
[2025-12-01 13:31:17] [INFO] main: [Status] Mode=STARTUP, Price=0.0, Line=0
[2025-12-01 13:31:19] [INFO] main: [Status] Mode=STARTUP, Price=0.0, Line=0
[2025-12-01 13:31:22] [INFO] main: [Status] Mode=STARTUP, Price=0.0, Line=0
[2025-12-01 13:31:25] [INFO] main: [Status] Mode=STARTUP, Price=0.0, Line=0
[2025-12-01 13:31:28] [INFO] main: [Status] Mode=STARTUP, Price=0.0, Line=0
[2025-12-01 13:31:30] [INFO] main: [Status] Mode=STARTUP, Price=0.0, Line=0
[2025-12-01 13:31:33] [INFO] main: [Status] Mode=STARTUP, Price=0.0, Line=0
[2025-12-01 13:31:36] [INFO] main: [Status] Mode=STARTUP, Price=0.0, Line=0
[2025-12-01 13:31:39] [INFO] main: [Status] Mode=STARTUP, Price=0.0, Line=0
[2025-12-01 13:31:41] [INFO] main: [Status] Mode=STARTUP, Price=0.0, Line=0
[2025-12-01 13:31:44] [INFO] main: [Status] Mode=STARTUP, Price=0.0, Line=0
[2025-12-01 13:31:47] [INFO] main: [Status] Mode=STARTUP, Price=0.0, Line=0
[2025-12-01 13:31:49] [INFO] main: [Status] Mode=STARTUP, Price=0.0, Line=0
[2025-12-01 13:31:52] [INFO] main: [Status] Mode=STARTUP, Price=0.0, Line=0
[2025-12-01 13:31:55] [INFO] main: [Status] Mode=STARTUP, Price=0.0, Line=0
[2025-12-01 13:31:58] [INFO] main: [Status] Mode=STARTUP, Price=0.0, Line=0
[2025-12-01 13:32:00] [INFO] main: [Status] Mode=STARTUP, Price=0.0, Line=0
[2025-12-01 13:32:03] [INFO] main: [Status] Mode=STARTUP, Price=0.0, Line=0
[2025-12-01 13:32:06] [INFO] main: [Status] Mode=STARTUP, Price=0.0, Line=0
[2025-12-01 13:32:09] [INFO] main: [Status] Mode=STARTUP, Price=0.0, Line=0
[2025-12-01 13:32:11] [INFO] main: [Status] Mode=STARTUP, Price=0.0, Line=0
[2025-12-01 13:32:14] [INFO] main: [Status] Mode=STARTUP, Price=0.0, Line=0
[2025-12-01 13:32:17] [INFO] main: [Status] Mode=STARTUP, Price=0.0, Line=0
[2025-12-01 13:32:19] [INFO] main: [Status] Mode=STARTUP, Price=0.0, Line=0
[2025-12-01 13:32:22] [INFO] main: [Status] Mode=STARTUP, Price=0.0, Line=0
[2025-12-01 13:32:25] [INFO] main: [Status] Mode=STARTUP, Price=0.0, Line=0
[2025-12-01 13:32:28] [INFO] main: [Status] Mode=STARTUP, Price=0.0, Line=0
[2025-12-01 13:32:30] [INFO] main: [Status] Mode=STARTUP, Price=0.0, Line=0
[2025-12-01 13:32:33] [INFO] main: [Status] Mode=STARTUP, Price=0.0, Line=0
[2025-12-01 13:32:36] [INFO] main: [Status] Mode=STARTUP, Price=0.0, Line=0
[2025-12-01 13:32:39] [INFO] main: [Status] Mode=STARTUP, Price=0.0, Line=0
[2025-12-01 13:32:41] [INFO] main: [Status] Mode=STARTUP, Price=0.0, Line=0
[2025-12-01 13:32:44] [INFO] main: [Status] Mode=STARTUP, Price=0.0, Line=0
[2025-12-01 13:32:47] [INFO] main: [Status] Mode=STARTUP, Price=0.0, Line=0
[2025-12-01 13:32:49] [INFO] main: [Status] Mode=STARTUP, Price=0.0, Line=0
[2025-12-01 13:32:52] [INFO] main: [Status] Mode=STARTUP, Price=0.0, Line=0
[2025-12-01 13:32:55] [INFO] main: [Status] Mode=STARTUP, Price=0.0, Line=0
[2025-12-01 13:32:58] [INFO] main: [Status] Mode=STARTUP, Price=0.0, Line=0
[2025-12-01 13:33:00] [INFO] main: [Status] Mode=STARTUP, Price=0.0, Line=0
[2025-12-01 13:33:03] [INFO] main: [Status] Mode=STARTUP, Price=0.0, Line=0
[2025-12-01 13:33:06] [INFO] main: [Status] Mode=STARTUP, Price=0.0, Line=0
[2025-12-01 13:33:08] [INFO] main: [Status] Mode=STARTUP, Price=0.0, Line=0
[2025-12-01 13:33:11] [INFO] main: [Status] Mode=STARTUP, Price=0.0, Line=0
[2025-12-01 13:33:14] [INFO] main: [Status] Mode=STARTUP, Price=0.0, Line=0
[2025-12-01 13:33:17] [INFO] main: [Status] Mode=STARTUP, Price=0.0, Line=0
[2025-12-01 13:33:19] [INFO] main: [Status] Mode=STARTUP, Price=0.0, Line=0
[2025-12-01 13:33:22] [INFO] main: [Status] Mode=STARTUP, Price=0.0, Line=0
[2025-12-01 13:33:25] [INFO] main: [Status] Mode=STARTUP, Price=0.0, Line=0
[2025-12-01 13:33:28] [INFO] main: [Status] Mode=STARTUP, Price=0.0, Line=0
[2025-12-01 13:33:30] [INFO] main: [Status] Mode=STARTUP, Price=0.0, Line=0
[2025-12-01 13:33:33] [INFO] main: [Status] Mode=STARTUP, Price=0.0, Line=0
[2025-12-01 13:33:36] [INFO] main: [Status] Mode=STARTUP, Price=0.0, Line=0
[2025-12-01 13:33:38] [INFO] main: [Status] Mode=STARTUP, Price=0.0, Line=0
[2025-12-01 13:33:41] [INFO] main: [Status] Mode=STARTUP, Price=0.0, Line=0
[2025-12-01 13:33:44] [INFO] main: [Status] Mode=STARTUP, Price=0.0, Line=0
[2025-12-01 13:33:47] [INFO] main: [Status] Mode=STARTUP, Price=0.0, Line=0
[2025-12-01 13:33:49] [INFO] main: [Status] Mode=STARTUP, Price=0.0, Line=0
[2025-12-01 13:33:52] [INFO] main: [Status] Mode=STARTUP, Price=0.0, Line=0
[2025-12-01 13:33:55] [INFO] main: [Status] Mode=STARTUP, Price=0.0, Line=0
[2025-12-01 13:33:58] [INFO] main: [Status] Mode=STARTUP, Price=0.0, Line=0
[2025-12-01 13:34:00] [INFO] main: [Status] Mode=STARTUP, Price=0.0, Line=0
[2025-12-01 13:34:03] [INFO] main: [Status] Mode=STARTUP, Price=0.0, Line=0
[2025-12-01 13:34:06] [INFO] main: [Status] Mode=STARTUP, Price=0.0, Line=0
[2025-12-01 13:34:08] [INFO] main: [Status] Mode=STARTUP, Price=0.0, Line=0
[2025-12-01 13:34:11] [INFO] main: [Status] Mode=STARTUP, Price=0.0, Line=0
[2025-12-01 13:34:14] [INFO] main: [Status] Mode=STARTUP, Price=0.0, Line=0
[2025-12-01 13:34:17] [INFO] main: [Status] Mode=STARTUP, Price=0.0, Line=0
[2025-12-01 13:34:19] [INFO] main: [Status] Mode=STARTUP, Price=0.0, Line=0
[2025-12-01 13:34:22] [INFO] main: [Status] Mode=STARTUP, Price=0.0, Line=0
[2025-12-01 13:34:25] [INFO] main: [Status] Mode=STARTUP, Price=0.0, Line=0
[2025-12-01 13:34:28] [INFO] main: [Status] Mode=STARTUP, Price=0.0, Line=0
[2025-12-01 13:34:30] [INFO] main: [Status] Mode=STARTUP, Price=0.0, Line=0
[2025-12-01 13:34:33] [INFO] main: [Status] Mode=STARTUP, Price=0.0, Line=0
[2025-12-01 13:34:36] [INFO] main: [Status] Mode=STARTUP, Price=0.0, Line=0
[2025-12-01 13:34:38] [INFO] main: [Status] Mode=STARTUP, Price=0.0, Line=0
[2025-12-01 13:34:41] [INFO] main: [Status] Mode=STARTUP, Price=0.0, Line=0
[2025-12-01 13:34:44] [INFO] main: [Status] Mode=STARTUP, Price=0.0, Line=0
[2025-12-01 13:34:47] [INFO] main: [Status] Mode=STARTUP, Price=0.0, Line=0
[2025-12-01 13:34:49] [INFO] main: [Status] Mode=STARTUP, Price=0.0, Line=0
[2025-12-01 13:34:52] [INFO] main: [Status] Mode=STARTUP, Price=0.0, Line=0
[2025-12-01 13:34:55] [INFO] main: [Status] Mode=STARTUP, Price=0.0, Line=0
[2025-12-01 13:34:58] [INFO] main: [Status] Mode=STARTUP, Price=0.0, Line=0
[2025-12-01 13:35:00] [INFO] main: [Status] Mode=STARTUP, Price=0.0, Line=0
[2025-12-01 13:35:03] [INFO] main: [Status] Mode=STARTUP, Price=0.0, Line=0
[2025-12-01 13:35:06] [INFO] main: [Status] Mode=STARTUP, Price=0.0, Line=0
[2025-12-01 13:35:08] [INFO] main: [Status] Mode=STARTUP, Price=0.0, Line=0
[2025-12-01 13:35:11] [INFO] main: [Status] Mode=STARTUP, Price=0.0, Line=0
[2025-12-01 13:35:14] [INFO] main: [Status] Mode=STARTUP, Price=0.0, Line=0
[2025-12-01 13:35:17] [INFO] main: [Status] Mode=STARTUP, Price=0.0, Line=0
[2025-12-01 13:35:19] [INFO] main: [Status] Mode=STARTUP, Price=0.0, Line=0
[2025-12-01 13:35:22] [INFO] main: [Status] Mode=STARTUP, Price=0.0, Line=0
[2025-12-01 13:35:25] [INFO] main: [Status] Mode=STARTUP, Price=0.0, Line=0
[2025-12-01 13:35:27] [INFO] main: [Status] Mode=STARTUP, Price=0.0, Line=0
[2025-12-01 13:35:30] [INFO] main: [Status] Mode=STARTUP, Price=0.0, Line=0
[2025-12-01 13:35:33] [INFO] main: [Status] Mode=STARTUP, Price=0.0, Line=0
[2025-12-01 13:35:36] [INFO] main: [Status] Mode=STARTUP, Price=0.0, Line=0
[2025-12-01 13:35:38] [INFO] main: [Status] Mode=STARTUP, Price=0.0, Line=0
[2025-12-01 13:35:41] [INFO] main: [Status] Mode=STARTUP, Price=0.0, Line=0
[2025-12-01 13:35:44] [INFO] main: [Status] Mode=STARTUP, Price=0.0, Line=0
[2025-12-01 13:35:47] [INFO] main: [Status] Mode=STARTUP, Price=0.0, Line=0
[2025-12-01 13:35:49] [INFO] main: [Status] Mode=STARTUP, Price=0.0, Line=0
[2025-12-01 13:35:52] [INFO] main: [Status] Mode=STARTUP, Price=0.0, Line=0
[2025-12-01 13:35:55] [INFO] main: [Status] Mode=STARTUP, Price=0.0, Line=0
[2025-12-01 13:35:57] [INFO] main: [Status] Mode=STARTUP, Price=0.0, Line=0
[2025-12-01 13:36:00] [INFO] main: [Status] Mode=STARTUP, Price=0.0, Line=0
[2025-12-01 13:36:03] [INFO] main: [Status] Mode=STARTUP, Price=0.0, Line=0
[2025-12-01 13:36:06] [INFO] main: [Status] Mode=STARTUP, Price=0.0, Line=0
[2025-12-01 13:36:08] [INFO] main: [Status] Mode=STARTUP, Price=0.0, Line=0
[2025-12-01 13:36:11] [INFO] main: [Status] Mode=STARTUP, Price=0.0, Line=0
[2025-12-01 13:36:14] [INFO] main: [Status] Mode=STARTUP, Price=0.0, Line=0
[2025-12-01 13:36:17] [INFO] main: [Status] Mode=STARTUP, Price=0.0, Line=0
[2025-12-01 13:36:19] [INFO] main: [Status] Mode=STARTUP, Price=0.0, Line=0
[2025-12-01 13:36:22] [INFO] main: [Status] Mode=STARTUP, Price=0.0, Line=0
[2025-12-01 13:36:25] [INFO] main: [Status] Mode=STARTUP, Price=0.0, Line=0
[2025-12-01 13:36:28] [INFO] main: [Status] Mode=STARTUP, Price=0.0, Line=0
[2025-12-01 13:36:30] [INFO] main: [Status] Mode=STARTUP, Price=0.0, Line=0
[2025-12-01 13:36:33] [INFO] main: [Status] Mode=STARTUP, Price=0.0, Line=0
[2025-12-01 13:36:36] [INFO] main: [Status] Mode=STARTUP, Price=0.0, Line=0
[2025-12-01 13:36:38] [INFO] main: [Status] Mode=STARTUP, Price=0.0, Line=0
[2025-12-01 13:36:41] [INFO] main: [Status] Mode=STARTUP, Price=0.0, Line=0
[2025-12-01 13:36:44] [INFO] main: [Status] Mode=STARTUP, Price=0.0, Line=0
[2025-12-01 13:36:47] [INFO] main: [Status] Mode=STARTUP, Price=0.0, Line=0
[2025-12-01 13:36:49] [INFO] main: [Status] Mode=STARTUP, Price=0.0, Line=0
[2025-12-01 13:36:52] [INFO] main: [Status] Mode=STARTUP, Price=0.0, Line=0
[2025-12-01 13:36:55] [INFO] main: [Status] Mode=STARTUP, Price=0.0, Line=0
[2025-12-01 13:36:57] [INFO] main: [Status] Mode=STARTUP, Price=0.0, Line=0
[2025-12-01 13:37:00] [INFO] main: [Status] Mode=STARTUP, Price=0.0, Line=0
[2025-12-01 13:37:03] [INFO] main: [Status] Mode=STARTUP, Price=0.0, Line=0
[2025-12-01 13:37:06] [INFO] main: [Status] Mode=STARTUP, Price=0.0, Line=0
[2025-12-01 13:37:08] [INFO] main: [Status] Mode=STARTUP, Price=0.0, Line=0
[2025-12-01 13:37:11] [INFO] main: [Status] Mode=STARTUP, Price=0.0, Line=0
[2025-12-01 13:37:14] [INFO] main: [Status] Mode=STARTUP, Price=0.0, Line=0
[2025-12-01 13:37:17] [INFO] main: [Status] Mode=STARTUP, Price=0.0, Line=0
[2025-12-01 13:37:19] [INFO] main: [Status] Mode=STARTUP, Price=0.0, Line=0
[2025-12-01 13:37:22] [INFO] main: [Status] Mode=STARTUP, Price=0.0, Line=0
[2025-12-01 13:37:25] [INFO] main: [Status] Mode=STARTUP, Price=0.0, Line=0
[2025-12-01 13:37:27] [INFO] main: [Status] Mode=STARTUP, Price=0.0, Line=0
[2025-12-01 13:37:30] [INFO] main: [Status] Mode=STARTUP, Price=0.0, Line=0
[2025-12-01 13:37:33] [INFO] main: [Status] Mode=STARTUP, Price=0.0, Line=0
[2025-12-01 13:37:36] [INFO] main: [Status] Mode=STARTUP, Price=0.0, Line=0
[2025-12-01 13:37:38] [INFO] main: [Status] Mode=STARTUP, Price=0.0, Line=0
[2025-12-01 13:37:41] [INFO] main: [Status] Mode=STARTUP, Price=0.0, Line=0
[2025-12-01 13:37:44] [INFO] main: [Status] Mode=STARTUP, Price=0.0, Line=0
[2025-12-01 13:37:47] [INFO] main: [Status] Mode=STARTUP, Price=0.0, Line=0
[2025-12-01 13:37:49] [INFO] main: [Status] Mode=STARTUP, Price=0.0, Line=0
[2025-12-01 13:37:52] [INFO] main: [Status] Mode=STARTUP, Price=0.0, Line=0
[2025-12-01 13:37:55] [INFO] main: [Status] Mode=STARTUP, Price=0.0, Line=0
[2025-12-01 13:37:57] [INFO] main: [Status] Mode=STARTUP, Price=0.0, Line=0
[2025-12-01 13:38:00] [INFO] main: [Status] Mode=STARTUP, Price=0.0, Line=0
[2025-12-01 13:38:03] [INFO] main: [Status] Mode=STARTUP, Price=0.0, Line=0
[2025-12-01 13:38:06] [INFO] main: [Status] Mode=STARTUP, Price=0.0, Line=0
[2025-12-01 13:38:08] [INFO] main: [Status] Mode=STARTUP, Price=0.0, Line=0
[2025-12-01 13:38:11] [INFO] main: [Status] Mode=STARTUP, Price=0.0, Line=0
[2025-12-01 13:38:14] [INFO] main: [Status] Mode=STARTUP, Price=0.0, Line=0
[2025-12-01 13:38:17] [INFO] main: [Status] Mode=STARTUP, Price=0.0, Line=0
[2025-12-01 13:38:19] [INFO] main: [Status] Mode=STARTUP, Price=0.0, Line=0
[2025-12-01 13:38:22] [INFO] main: [Status] Mode=STARTUP, Price=0.0, Line=0
[2025-12-01 13:38:25] [INFO] main: [Status] Mode=STARTUP, Price=0.0, Line=0
[2025-12-01 13:38:27] [INFO] main: [Status] Mode=STARTUP, Price=0.0, Line=0
[2025-12-01 13:38:30] [INFO] main: [Status] Mode=STARTUP, Price=0.0, Line=0
[2025-12-01 13:38:33] [INFO] main: [Status] Mode=STARTUP, Price=0.0, Line=0
[2025-12-01 13:38:36] [INFO] main: [Status] Mode=STARTUP, Price=0.0, Line=0
[2025-12-01 13:38:38] [INFO] main: [Status] Mode=STARTUP, Price=0.0, Line=0
[2025-12-01 13:38:41] [INFO] main: [Status] Mode=STARTUP, Price=0.0, Line=0
[2025-12-01 13:38:44] [INFO] main: [Status] Mode=STARTUP, Price=0.0, Line=0
[2025-12-01 13:38:47] [INFO] main: [Status] Mode=STARTUP, Price=0.0, Line=0
[2025-12-01 13:38:49] [INFO] main: [Status] Mode=STARTUP, Price=0.0, Line=0
[2025-12-01 13:38:52] [INFO] main: [Status] Mode=STARTUP, Price=0.0, Line=0
[2025-12-01 13:38:55] [INFO] main: [Status] Mode=STARTUP, Price=0.0, Line=0
[2025-12-01 13:38:57] [INFO] main: [Status] Mode=STARTUP, Price=0.0, Line=0
[2025-12-01 13:39:00] [INFO] main: [Status] Mode=STARTUP, Price=0.0, Line=0
[2025-12-01 13:39:03] [INFO] main: [Status] Mode=STARTUP, Price=0.0, Line=0
[2025-12-01 13:39:06] [INFO] main: [Status] Mode=STARTUP, Price=0.0, Line=0
[2025-12-01 13:39:08] [INFO] main: [Status] Mode=STARTUP, Price=0.0, Line=0
[2025-12-01 13:39:11] [INFO] main: [Status] Mode=STARTUP, Price=0.0, Line=0
[2025-12-01 13:39:14] [INFO] main: [Status] Mode=STARTUP, Price=0.0, Line=0
[2025-12-01 13:39:17] [INFO] main: [Status] Mode=STARTUP, Price=0.0, Line=0
[2025-12-01 13:39:19] [INFO] main: [Status] Mode=STARTUP, Price=0.0, Line=0
[2025-12-01 13:39:22] [INFO] main: [Status] Mode=STARTUP, Price=0.0, Line=0
[2025-12-01 13:39:25] [INFO] main: [Status] Mode=STARTUP, Price=0.0, Line=0
[2025-12-01 13:39:27] [INFO] main: [Status] Mode=STARTUP, Price=0.0, Line=0
[2025-12-01 13:39:30] [INFO] main: [Status] Mode=STARTUP, Price=0.0, Line=0
[2025-12-01 13:39:33] [INFO] main: [Status] Mode=STARTUP, Price=0.0, Line=0
[2025-12-01 13:39:36] [INFO] main: [Status] Mode=STARTUP, Price=0.0, Line=0
[2025-12-01 13:39:38] [INFO] main: [Status] Mode=STARTUP, Price=0.0, Line=0
[2025-12-01 13:39:41] [INFO] main: [Status] Mode=STARTUP, Price=0.0, Line=0
[2025-12-01 13:39:44] [INFO] main: [Status] Mode=STARTUP, Price=0.0, Line=0
[2025-12-01 13:39:47] [INFO] main: [Status] Mode=STARTUP, Price=0.0, Line=0
[2025-12-01 13:39:49] [INFO] main: [Status] Mode=STARTUP, Price=0.0, Line=0
[2025-12-01 13:39:52] [INFO] main: [Status] Mode=STARTUP, Price=0.0, Line=0
[2025-12-01 13:39:55] [INFO] main: [Status] Mode=STARTUP, Price=0.0, Line=0
[2025-12-01 13:39:57] [INFO] main: [Status] Mode=STARTUP, Price=0.0, Line=0
[2025-12-01 13:40:00] [INFO] main: [Status] Mode=STARTUP, Price=0.0, Line=0
[2025-12-01 13:40:03] [INFO] main: [Status] Mode=STARTUP, Price=0.0, Line=0
[2025-12-01 13:40:06] [INFO] main: [Status] Mode=STARTUP, Price=0.0, Line=0
[2025-12-01 13:40:08] [INFO] main: [Status] Mode=STARTUP, Price=0.0, Line=0
[2025-12-01 13:40:11] [INFO] main: [Status] Mode=STARTUP, Price=0.0, Line=0
[2025-12-01 13:40:14] [INFO] main: [Status] Mode=STARTUP, Price=0.0, Line=0
[2025-12-01 13:40:17] [INFO] main: [Status] Mode=STARTUP, Price=0.0, Line=0
[2025-12-01 13:40:19] [INFO] main: [Status] Mode=STARTUP, Price=0.0, Line=0
[2025-12-01 13:40:22] [INFO] main: [Status] Mode=STARTUP, Price=0.0, Line=0
[2025-12-01 13:40:25] [INFO] main: [Status] Mode=STARTUP, Price=0.0, Line=0
[2025-12-01 13:40:27] [INFO] main: [Status] Mode=STARTUP, Price=0.0, Line=0
[2025-12-01 13:40:30] [INFO] main: [Status] Mode=STARTUP, Price=0.0, Line=0
[2025-12-01 13:40:33] [INFO] main: [Status] Mode=STARTUP, Price=0.0, Line=0
[2025-12-01 13:40:36] [INFO] main: [Status] Mode=STARTUP, Price=0.0, Line=0
[2025-12-01 13:40:38] [INFO] main: [Status] Mode=STARTUP, Price=0.0, Line=0
[2025-12-01 13:40:41] [INFO] main: [Status] Mode=STARTUP, Price=0.0, Line=0
[2025-12-01 13:40:44] [INFO] main: [Status] Mode=STARTUP, Price=0.0, Line=0
[2025-12-01 13:40:47] [INFO] main: [Status] Mode=STARTUP, Price=0.0, Line=0
[2025-12-01 13:40:49] [INFO] main: [Status] Mode=STARTUP, Price=0.0, Line=0
[2025-12-01 13:40:52] [INFO] main: [Status] Mode=STARTUP, Price=0.0, Line=0
[2025-12-01 13:40:55] [INFO] main: [Status] Mode=STARTUP, Price=0.0, Line=0
[2025-12-01 13:40:57] [INFO] main: [Status] Mode=STARTUP, Price=0.0, Line=0
[2025-12-01 13:41:00] [INFO] main: [Status] Mode=STARTUP, Price=0.0, Line=0
[2025-12-01 13:41:03] [INFO] main: [Status] Mode=STARTUP, Price=0.0, Line=0
[2025-12-01 13:41:06] [INFO] main: [Status] Mode=STARTUP, Price=0.0, Line=0
[2025-12-01 13:41:08] [INFO] main: [Status] Mode=STARTUP, Price=0.0, Line=0
[2025-12-01 13:41:11] [INFO] main: [Status] Mode=STARTUP, Price=0.0, Line=0
[2025-12-01 13:41:14] [INFO] main: [Status] Mode=STARTUP, Price=0.0, Line=0
[2025-12-01 13:41:17] [INFO] main: [Status] Mode=STARTUP, Price=0.0, Line=0
[2025-12-01 13:41:19] [INFO] main: [Status] Mode=STARTUP, Price=0.0, Line=0
[2025-12-01 13:41:22] [INFO] main: [Status] Mode=STARTUP, Price=0.0, Line=0
[2025-12-01 13:41:25] [INFO] main: [Status] Mode=STARTUP, Price=0.0, Line=0
[2025-12-01 13:41:27] [INFO] main: [Status] Mode=STARTUP, Price=0.0, Line=0
[2025-12-01 13:41:30] [INFO] main: [Status] Mode=STARTUP, Price=0.0, Line=0
[2025-12-01 13:41:33] [INFO] main: [Status] Mode=STARTUP, Price=0.0, Line=0
[2025-12-01 13:41:36] [INFO] main: [Status] Mode=STARTUP, Price=0.0, Line=0
[2025-12-01 13:41:38] [INFO] main: [Status] Mode=STARTUP, Price=0.0, Line=0
[2025-12-01 13:41:41] [INFO] main: [Status] Mode=STARTUP, Price=0.0, Line=0
[2025-12-01 13:41:44] [INFO] main: [Status] Mode=STARTUP, Price=0.0, Line=0
[2025-12-01 13:41:47] [INFO] main: [Status] Mode=STARTUP, Price=0.0, Line=0
[2025-12-01 13:41:49] [INFO] main: [Status] Mode=STARTUP, Price=0.0, Line=0
[2025-12-01 13:41:52] [INFO] main: [Status] Mode=STARTUP, Price=0.0, Line=0
[2025-12-01 13:41:55] [INFO] main: [Status] Mode=STARTUP, Price=0.0, Line=0
[2025-12-01 13:41:58] [INFO] main: [Status] Mode=STARTUP, Price=0.0, Line=0
[2025-12-01 13:42:00] [INFO] main: [Status] Mode=STARTUP, Price=0.0, Line=0
[2025-12-01 13:42:03] [INFO] main: [Status] Mode=STARTUP, Price=0.0, Line=0
[2025-12-01 13:42:06] [INFO] main: [Status] Mode=STARTUP, Price=0.0, Line=0
[2025-12-01 13:42:09] [INFO] main: [Status] Mode=STARTUP, Price=0.0, Line=0
[2025-12-01 13:42:11] [INFO] main: [Status] Mode=STARTUP, Price=0.0, Line=0
[2025-12-01 13:42:14] [INFO] main: [Status] Mode=STARTUP, Price=0.0, Line=0
[2025-12-01 13:42:17] [INFO] main: [Status] Mode=STARTUP, Price=0.0, Line=0
[2025-12-01 13:42:19] [INFO] main: [Status] Mode=STARTUP, Price=0.0, Line=0
[2025-12-01 13:42:22] [INFO] main: [Status] Mode=STARTUP, Price=0.0, Line=0
[2025-12-01 13:42:25] [INFO] main: [Status] Mode=STARTUP, Price=0.0, Line=0
[2025-12-01 13:42:28] [INFO] main: [Status] Mode=STARTUP, Price=0.0, Line=0
[2025-12-01 13:42:30] [INFO] main: [Status] Mode=STARTUP, Price=0.0, Line=0
[2025-12-01 13:42:33] [INFO] main: [Status] Mode=STARTUP, Price=0.0, Line=0
[2025-12-01 13:42:36] [INFO] main: [Status] Mode=STARTUP, Price=0.0, Line=0
[2025-12-01 13:42:39] [INFO] main: [Status] Mode=STARTUP, Price=0.0, Line=0
[2025-12-01 13:42:41] [INFO] main: [Status] Mode=STARTUP, Price=0.0, Line=0
[2025-12-01 13:42:44] [INFO] main: [Status] Mode=STARTUP, Price=0.0, Line=0
[2025-12-01 13:42:47] [INFO] main: [Status] Mode=STARTUP, Price=0.0, Line=0
[2025-12-01 13:42:49] [INFO] main: [Status] Mode=STARTUP, Price=0.0, Line=0
[2025-12-01 13:42:52] [INFO] main: [Status] Mode=STARTUP, Price=0.0, Line=0
[2025-12-01 13:42:55] [INFO] main: [Status] Mode=STARTUP, Price=0.0, Line=0
[2025-12-01 13:42:58] [INFO] main: [Status] Mode=STARTUP, Price=0.0, Line=0
[2025-12-01 13:43:00] [INFO] main: [Status] Mode=STARTUP, Price=0.0, Line=0
[2025-12-01 13:43:03] [INFO] main: [Status] Mode=STARTUP, Price=0.0, Line=0
[2025-12-01 13:43:06] [INFO] main: [Status] Mode=STARTUP, Price=0.0, Line=0
[2025-12-01 13:43:09] [INFO] main: [Status] Mode=STARTUP, Price=0.0, Line=0
[2025-12-01 13:43:11] [INFO] main: [Status] Mode=STARTUP, Price=0.0, Line=0
[2025-12-01 13:43:14] [INFO] main: [Status] Mode=STARTUP, Price=0.0, Line=0
[2025-12-01 13:43:17] [INFO] main: [Status] Mode=STARTUP, Price=0.0, Line=0
[2025-12-01 13:43:19] [INFO] main: [Status] Mode=STARTUP, Price=0.0, Line=0
[2025-12-01 13:43:22] [INFO] main: [Status] Mode=STARTUP, Price=0.0, Line=0
[2025-12-01 13:43:25] [INFO] main: [Status] Mode=STARTUP, Price=0.0, Line=0
[2025-12-01 13:43:28] [INFO] main: [Status] Mode=STARTUP, Price=0.0, Line=0
[2025-12-01 13:43:30] [INFO] main: [Status] Mode=STARTUP, Price=0.0, Line=0
[2025-12-01 13:43:33] [INFO] main: [Status] Mode=STARTUP, Price=0.0, Line=0
[2025-12-01 13:43:36] [INFO] main: [Status] Mode=STARTUP, Price=0.0, Line=0
[2025-12-01 13:43:39] [INFO] main: [Status] Mode=STARTUP, Price=0.0, Line=0
[2025-12-01 13:43:41] [INFO] main: [Status] Mode=STARTUP, Price=0.0, Line=0
[2025-12-01 13:43:44] [INFO] main: [Status] Mode=STARTUP, Price=0.0, Line=0
[2025-12-01 13:43:47] [INFO] main: [Status] Mode=STARTUP, Price=0.0, Line=0
[2025-12-01 13:43:49] [INFO] main: [Status] Mode=STARTUP, Price=0.0, Line=0
[2025-12-01 13:43:52] [INFO] main: [Status] Mode=STARTUP, Price=0.0, Line=0
[2025-12-01 13:43:55] [INFO] main: [Status] Mode=STARTUP, Price=0.0, Line=0
[2025-12-01 13:43:58] [INFO] main: [Status] Mode=STARTUP, Price=0.0, Line=0
[2025-12-01 13:44:00] [INFO] main: [Status] Mode=STARTUP, Price=0.0, Line=0
[2025-12-01 13:44:03] [INFO] main: [Status] Mode=STARTUP, Price=0.0, Line=0
[2025-12-01 13:44:06] [INFO] main: [Status] Mode=STARTUP, Price=0.0, Line=0
[2025-12-01 13:44:09] [INFO] main: [Status] Mode=STARTUP, Price=0.0, Line=0
[2025-12-01 13:44:11] [INFO] main: [Status] Mode=STARTUP, Price=0.0, Line=0
[2025-12-01 13:44:14] [INFO] main: [Status] Mode=STARTUP, Price=0.0, Line=0
[2025-12-01 13:44:17] [INFO] main: [Status] Mode=STARTUP, Price=0.0, Line=0
[2025-12-01 13:44:19] [INFO] main: [Status] Mode=STARTUP, Price=0.0, Line=0
[2025-12-01 13:44:22] [INFO] main: [Status] Mode=STARTUP, Price=0.0, Line=0
[2025-12-01 13:44:25] [INFO] main: [Status] Mode=STARTUP, Price=0.0, Line=0
[2025-12-01 13:44:28] [INFO] main: [Status] Mode=STARTUP, Price=0.0, Line=0
[2025-12-01 13:44:30] [INFO] main: [Status] Mode=STARTUP, Price=0.0, Line=0
[2025-12-01 13:44:33] [INFO] main: [Status] Mode=STARTUP, Price=0.0, Line=0
[2025-12-01 13:44:36] [INFO] main: [Status] Mode=STARTUP, Price=0.0, Line=0
[2025-12-01 13:44:39] [INFO] main: [Status] Mode=STARTUP, Price=0.0, Line=0
[2025-12-01 13:44:41] [INFO] main: [Status] Mode=STARTUP, Price=0.0, Line=0
[2025-12-01 13:44:44] [INFO] main: [Status] Mode=STARTUP, Price=0.0, Line=0
[2025-12-01 13:44:47] [INFO] main: [Status] Mode=STARTUP, Price=0.0, Line=0
[2025-12-01 13:44:49] [INFO] main: [Status] Mode=STARTUP, Price=0.0, Line=0
[2025-12-01 13:44:52] [INFO] main: [Status] Mode=STARTUP, Price=0.0, Line=0
[2025-12-01 13:44:55] [INFO] main: [Status] Mode=STARTUP, Price=0.0, Line=0
[2025-12-01 13:44:58] [INFO] main: [Status] Mode=STARTUP, Price=0.0, Line=0
[2025-12-01 13:45:00] [INFO] main: [Status] Mode=STARTUP, Price=0.0, Line=0
[2025-12-01 13:45:03] [INFO] main: [Status] Mode=STARTUP, Price=0.0, Line=0
[2025-12-01 13:45:06] [INFO] main: [Status] Mode=STARTUP, Price=0.0, Line=0
[2025-12-01 13:45:09] [INFO] main: [Status] Mode=STARTUP, Price=0.0, Line=0
[2025-12-01 13:45:11] [INFO] main: [Status] Mode=STARTUP, Price=0.0, Line=0
[2025-12-01 13:45:14] [INFO] main: [Status] Mode=STARTUP, Price=0.0, Line=0
[2025-12-01 13:45:17] [INFO] main: [Status] Mode=STARTUP, Price=0.0, Line=0
[2025-12-01 13:45:19] [INFO] main: [Status] Mode=STARTUP, Price=0.0, Line=0
[2025-12-01 13:45:22] [INFO] main: [Status] Mode=STARTUP, Price=0.0, Line=0
[2025-12-01 13:45:25] [INFO] main: [Status] Mode=STARTUP, Price=0.0, Line=0
[2025-12-01 13:45:28] [INFO] main: [Status] Mode=STARTUP, Price=0.0, Line=0
[2025-12-01 13:45:30] [INFO] main: [Status] Mode=STARTUP, Price=0.0, Line=0
[2025-12-01 13:45:33] [INFO] main: [Status] Mode=STARTUP, Price=0.0, Line=0
[2025-12-01 13:45:36] [INFO] main: [Status] Mode=STARTUP, Price=0.0, Line=0
[2025-12-01 13:45:39] [INFO] main: [Status] Mode=STARTUP, Price=0.0, Line=0
[2025-12-01 13:45:41] [INFO] main: [Status] Mode=STARTUP, Price=0.0, Line=0
[2025-12-01 13:45:44] [INFO] main: [Status] Mode=STARTUP, Price=0.0, Line=0
[2025-12-01 13:45:47] [INFO] main: [Status] Mode=STARTUP, Price=0.0, Line=0
[2025-12-01 13:45:49] [INFO] main: [Status] Mode=STARTUP, Price=0.0, Line=0
[2025-12-01 13:45:52] [INFO] main: [Status] Mode=STARTUP, Price=0.0, Line=0
[2025-12-01 13:45:55] [INFO] main: [Status] Mode=STARTUP, Price=0.0, Line=0
[2025-12-01 13:45:58] [INFO] main: [Status] Mode=STARTUP, Price=0.0, Line=0
[2025-12-01 13:46:00] [INFO] main: [Status] Mode=STARTUP, Price=0.0, Line=0
[2025-12-01 13:46:03] [INFO] main: [Status] Mode=STARTUP, Price=0.0, Line=0
[2025-12-01 13:46:06] [INFO] main: [Status] Mode=STARTUP, Price=0.0, Line=0
[2025-12-01 13:46:09] [INFO] main: [Status] Mode=STARTUP, Price=0.0, Line=0
[2025-12-01 13:46:11] [INFO] main: [Status] Mode=STARTUP, Price=0.0, Line=0
[2025-12-01 13:46:14] [INFO] main: [Status] Mode=STARTUP, Price=0.0, Line=0
[2025-12-01 13:46:17] [INFO] main: [Status] Mode=STARTUP, Price=0.0, Line=0
[2025-12-01 13:46:19] [INFO] main: [Status] Mode=STARTUP, Price=0.0, Line=0
[2025-12-01 13:46:22] [INFO] main: [Status] Mode=STARTUP, Price=0.0, Line=0
[2025-12-01 13:46:25] [INFO] main: [Status] Mode=STARTUP, Price=0.0, Line=0
[2025-12-01 13:46:28] [INFO] main: [Status] Mode=STARTUP, Price=0.0, Line=0
[2025-12-01 13:46:30] [INFO] main: [Status] Mode=STARTUP, Price=0.0, Line=0
[2025-12-01 13:46:33] [INFO] main: [Status] Mode=STARTUP, Price=0.0, Line=0
[2025-12-01 13:46:36] [INFO] main: [Status] Mode=STARTUP, Price=0.0, Line=0
[2025-12-01 13:46:39] [INFO] main: [Status] Mode=STARTUP, Price=0.0, Line=0
[2025-12-01 13:46:41] [INFO] main: [Status] Mode=STARTUP, Price=0.0, Line=0
[2025-12-01 13:46:44] [INFO] main: [Status] Mode=STARTUP, Price=0.0, Line=0
[2025-12-01 13:46:47] [INFO] main: [Status] Mode=STARTUP, Price=0.0, Line=0
[2025-12-01 13:46:49] [INFO] main: [Status] Mode=STARTUP, Price=0.0, Line=0
[2025-12-01 13:46:52] [INFO] main: [Status] Mode=STARTUP, Price=0.0, Line=0
[2025-12-01 13:46:55] [INFO] main: [Status] Mode=STARTUP, Price=0.0, Line=0
[2025-12-01 13:46:58] [INFO] main: [Status] Mode=STARTUP, Price=0.0, Line=0
[2025-12-01 13:47:00] [INFO] main: [Status] Mode=STARTUP, Price=0.0, Line=0
[2025-12-01 13:47:03] [INFO] main: [Status] Mode=STARTUP, Price=0.0, Line=0
[2025-12-01 13:47:06] [INFO] main: [Status] Mode=STARTUP, Price=0.0, Line=0
[2025-12-01 13:47:08] [INFO] main: [Status] Mode=STARTUP, Price=0.0, Line=0
[2025-12-01 13:47:11] [INFO] main: [Status] Mode=STARTUP, Price=0.0, Line=0
[2025-12-01 13:47:14] [INFO] main: [Status] Mode=STARTUP, Price=0.0, Line=0
[2025-12-01 13:47:17] [INFO] main: [Status] Mode=STARTUP, Price=0.0, Line=0
[2025-12-01 13:47:19] [INFO] main: [Status] Mode=STARTUP, Price=0.0, Line=0
[2025-12-01 13:47:22] [INFO] main: [Status] Mode=STARTUP, Price=0.0, Line=0
[2025-12-01 13:47:25] [INFO] main: [Status] Mode=STARTUP, Price=0.0, Line=0
[2025-12-01 13:47:28] [INFO] main: [Status] Mode=STARTUP, Price=0.0, Line=0
[2025-12-01 13:47:30] [INFO] main: [Status] Mode=STARTUP, Price=0.0, Line=0
[2025-12-01 13:47:33] [INFO] main: [Status] Mode=STARTUP, Price=0.0, Line=0
[2025-12-01 13:47:36] [INFO] main: [Status] Mode=STARTUP, Price=0.0, Line=0
[2025-12-01 13:47:38] [INFO] main: [Status] Mode=STARTUP, Price=0.0, Line=0
[2025-12-01 13:47:41] [INFO] main: [Status] Mode=STARTUP, Price=0.0, Line=0
[2025-12-01 13:47:44] [INFO] main: [Status] Mode=STARTUP, Price=0.0, Line=0
[2025-12-01 13:47:47] [INFO] main: [Status] Mode=STARTUP, Price=0.0, Line=0
[2025-12-01 13:47:49] [INFO] main: [Status] Mode=STARTUP, Price=0.0, Line=0
[2025-12-01 13:47:52] [INFO] main: [Status] Mode=STARTUP, Price=0.0, Line=0
[2025-12-01 13:47:55] [INFO] main: [Status] Mode=STARTUP, Price=0.0, Line=0
[2025-12-01 13:47:58] [INFO] main: [Status] Mode=STARTUP, Price=0.0, Line=0
[2025-12-01 13:48:00] [INFO] main: [Status] Mode=STARTUP, Price=0.0, Line=0
[2025-12-01 13:48:03] [INFO] main: [Status] Mode=STARTUP, Price=0.0, Line=0
[2025-12-01 13:48:06] [INFO] main: [Status] Mode=STARTUP, Price=0.0, Line=0
[2025-12-01 13:48:08] [INFO] main: [Status] Mode=STARTUP, Price=0.0, Line=0
[2025-12-01 13:48:11] [INFO] main: [Status] Mode=STARTUP, Price=0.0, Line=0
[2025-12-01 13:48:14] [INFO] main: [Status] Mode=STARTUP, Price=0.0, Line=0
[2025-12-01 13:48:17] [INFO] main: [Status] Mode=STARTUP, Price=0.0, Line=0
[2025-12-01 13:48:19] [INFO] main: [Status] Mode=STARTUP, Price=0.0, Line=0
[2025-12-01 13:48:22] [INFO] main: [Status] Mode=STARTUP, Price=0.0, Line=0
[2025-12-01 13:48:25] [INFO] main: [Status] Mode=STARTUP, Price=0.0, Line=0
[2025-12-01 13:48:28] [INFO] main: [Status] Mode=STARTUP, Price=0.0, Line=0
[2025-12-01 13:48:30] [INFO] main: [Status] Mode=STARTUP, Price=0.0, Line=0
[2025-12-01 13:48:33] [INFO] main: [Status] Mode=STARTUP, Price=0.0, Line=0
[2025-12-01 13:48:36] [INFO] main: [Status] Mode=STARTUP, Price=0.0, Line=0
[2025-12-01 13:48:38] [INFO] main: [Status] Mode=STARTUP, Price=0.0, Line=0
[2025-12-01 13:48:41] [INFO] main: [Status] Mode=STARTUP, Price=0.0, Line=0
[2025-12-01 13:48:44] [INFO] main: [Status] Mode=STARTUP, Price=0.0, Line=0
[2025-12-01 13:48:47] [INFO] main: [Status] Mode=STARTUP, Price=0.0, Line=0
[2025-12-01 13:48:49] [INFO] main: [Status] Mode=STARTUP, Price=0.0, Line=0
[2025-12-01 13:48:52] [INFO] main: [Status] Mode=STARTUP, Price=0.0, Line=0
[2025-12-01 13:48:55] [INFO] main: [Status] Mode=STARTUP, Price=0.0, Line=0
[2025-12-01 13:48:57] [INFO] main: [Status] Mode=STARTUP, Price=0.0, Line=0
[2025-12-01 13:49:00] [INFO] main: [Status] Mode=STARTUP, Price=0.0, Line=0
[2025-12-01 13:49:03] [INFO] main: [Status] Mode=STARTUP, Price=0.0, Line=0
[2025-12-01 13:49:06] [INFO] main: [Status] Mode=STARTUP, Price=0.0, Line=0
[2025-12-01 13:49:08] [INFO] main: [Status] Mode=STARTUP, Price=0.0, Line=0
[2025-12-01 13:49:11] [INFO] main: [Status] Mode=STARTUP, Price=0.0, Line=0
[2025-12-01 13:49:14] [INFO] main: [Status] Mode=STARTUP, Price=0.0, Line=0
[2025-12-01 13:49:17] [INFO] main: [Status] Mode=STARTUP, Price=0.0, Line=0
[2025-12-01 13:49:19] [INFO] main: [Status] Mode=STARTUP, Price=0.0, Line=0
[2025-12-01 13:49:22] [INFO] main: [Status] Mode=STARTUP, Price=0.0, Line=0
[2025-12-01 13:49:25] [INFO] main: [Status] Mode=STARTUP, Price=0.0, Line=0
[2025-12-01 13:49:27] [INFO] main: [Status] Mode=STARTUP, Price=0.0, Line=0
[2025-12-01 13:49:30] [INFO] main: [Status] Mode=STARTUP, Price=0.0, Line=0
[2025-12-01 13:49:33] [INFO] main: [Status] Mode=STARTUP, Price=0.0, Line=0
[2025-12-01 13:49:36] [INFO] main: [Status] Mode=STARTUP, Price=0.0, Line=0
[2025-12-01 13:49:38] [INFO] main: [Status] Mode=STARTUP, Price=0.0, Line=0
[2025-12-01 13:49:41] [INFO] main: [Status] Mode=STARTUP, Price=0.0, Line=0
[2025-12-01 13:49:44] [INFO] main: [Status] Mode=STARTUP, Price=0.0, Line=0
[2025-12-01 13:49:47] [INFO] main: [Status] Mode=STARTUP, Price=0.0, Line=0
[2025-12-01 13:49:49] [INFO] main: [Status] Mode=STARTUP, Price=0.0, Line=0
[2025-12-01 13:49:52] [INFO] main: [Status] Mode=STARTUP, Price=0.0, Line=0
[2025-12-01 13:49:55] [INFO] main: [Status] Mode=STARTUP, Price=0.0, Line=0
[2025-12-01 13:49:57] [INFO] main: [Status] Mode=STARTUP, Price=0.0, Line=0
[2025-12-01 13:50:00] [INFO] main: [Status] Mode=STARTUP, Price=0.0, Line=0
[2025-12-01 13:50:03] [INFO] main: [Status] Mode=STARTUP, Price=0.0, Line=0
[2025-12-01 13:50:06] [INFO] main: [Status] Mode=STARTUP, Price=0.0, Line=0
[2025-12-01 13:50:08] [INFO] main: [Status] Mode=STARTUP, Price=0.0, Line=0
[2025-12-01 13:50:11] [INFO] main: [Status] Mode=STARTUP, Price=0.0, Line=0
[2025-12-01 13:50:14] [INFO] main: [Status] Mode=STARTUP, Price=0.0, Line=0
[2025-12-01 13:50:16] [INFO] main: [Status] Mode=STARTUP, Price=0.0, Line=0
[2025-12-01 13:50:19] [INFO] main: [Status] Mode=STARTUP, Price=0.0, Line=0
[2025-12-01 13:50:22] [INFO] main: [Status] Mode=STARTUP, Price=0.0, Line=0
[2025-12-01 13:50:25] [INFO] main: [Status] Mode=STARTUP, Price=0.0, Line=0
[2025-12-01 13:50:27] [INFO] main: [Status] Mode=STARTUP, Price=0.0, Line=0
[2025-12-01 13:50:30] [INFO] main: [Status] Mode=STARTUP, Price=0.0, Line=0
[2025-12-01 13:50:33] [INFO] main: [Status] Mode=STARTUP, Price=0.0, Line=0
[2025-12-01 13:50:36] [INFO] main: [Status] Mode=STARTUP, Price=0.0, Line=0
[2025-12-01 13:50:38] [INFO] main: [Status] Mode=STARTUP, Price=0.0, Line=0
[2025-12-01 13:50:41] [INFO] main: [Status] Mode=STARTUP, Price=0.0, Line=0
[2025-12-01 13:50:44] [INFO] main: [Status] Mode=STARTUP, Price=0.0, Line=0
[2025-12-01 13:50:46] [INFO] main: [Status] Mode=STARTUP, Price=0.0, Line=0
[2025-12-01 13:50:49] [INFO] main: [Status] Mode=STARTUP, Price=0.0, Line=0
[2025-12-01 13:50:52] [INFO] main: [Status] Mode=STARTUP, Price=0.0, Line=0
[2025-12-01 13:50:55] [INFO] main: [Status] Mode=STARTUP, Price=0.0, Line=0
[2025-12-01 13:50:57] [INFO] main: [Status] Mode=STARTUP, Price=0.0, Line=0
[2025-12-01 13:51:00] [INFO] main: [Status] Mode=STARTUP, Price=0.0, Line=0
[2025-12-01 13:51:03] [INFO] main: [Status] Mode=STARTUP, Price=0.0, Line=0
[2025-12-01 13:51:06] [INFO] main: [Status] Mode=STARTUP, Price=0.0, Line=0
[2025-12-01 13:51:08] [INFO] main: [Status] Mode=STARTUP, Price=0.0, Line=0
[2025-12-01 13:51:11] [INFO] main: [Status] Mode=STARTUP, Price=0.0, Line=0
[2025-12-01 13:51:14] [INFO] main: [Status] Mode=STARTUP, Price=0.0, Line=0
[2025-12-01 13:51:16] [INFO] main: [Status] Mode=STARTUP, Price=0.0, Line=0
[2025-12-01 13:51:19] [INFO] main: [Status] Mode=STARTUP, Price=0.0, Line=0
[2025-12-01 13:51:22] [INFO] main: [Status] Mode=STARTUP, Price=0.0, Line=0
[2025-12-01 13:51:25] [INFO] main: [Status] Mode=STARTUP, Price=0.0, Line=0
[2025-12-01 13:51:27] [INFO] main: [Status] Mode=STARTUP, Price=0.0, Line=0
[2025-12-01 13:51:30] [INFO] main: [Status] Mode=STARTUP, Price=0.0, Line=0
[2025-12-01 13:51:33] [INFO] main: [Status] Mode=STARTUP, Price=0.0, Line=0
[2025-12-01 13:51:36] [INFO] main: [Status] Mode=STARTUP, Price=0.0, Line=0
[2025-12-01 13:51:38] [INFO] main: [Status] Mode=STARTUP, Price=0.0, Line=0
[2025-12-01 13:51:41] [INFO] main: [Status] Mode=STARTUP, Price=0.0, Line=0
[2025-12-01 13:51:44] [INFO] main: [Status] Mode=STARTUP, Price=0.0, Line=0
[2025-12-01 13:51:46] [INFO] main: [Status] Mode=STARTUP, Price=0.0, Line=0
[2025-12-01 13:51:49] [INFO] main: [Status] Mode=STARTUP, Price=0.0, Line=0
[2025-12-01 13:51:52] [INFO] main: [Status] Mode=STARTUP, Price=0.0, Line=0
[2025-12-01 13:51:55] [INFO] main: [Status] Mode=STARTUP, Price=0.0, Line=0
[2025-12-01 13:51:57] [INFO] main: [Status] Mode=STARTUP, Price=0.0, Line=0
[2025-12-01 13:52:00] [INFO] main: [Status] Mode=STARTUP, Price=0.0, Line=0
[2025-12-01 13:52:03] [INFO] main: [Status] Mode=STARTUP, Price=0.0, Line=0
[2025-12-01 13:52:06] [INFO] main: [Status] Mode=STARTUP, Price=0.0, Line=0
[2025-12-01 13:52:08] [INFO] main: [Status] Mode=STARTUP, Price=0.0, Line=0
[2025-12-01 13:52:11] [INFO] main: [Status] Mode=STARTUP, Price=0.0, Line=0
[2025-12-01 13:52:14] [INFO] main: [Status] Mode=STARTUP, Price=0.0, Line=0
[2025-12-01 13:52:16] [INFO] main: [Status] Mode=STARTUP, Price=0.0, Line=0
[2025-12-01 13:52:19] [INFO] main: [Status] Mode=STARTUP, Price=0.0, Line=0
[2025-12-01 13:52:22] [INFO] main: [Status] Mode=STARTUP, Price=0.0, Line=0
[2025-12-01 13:52:25] [INFO] main: [Status] Mode=STARTUP, Price=0.0, Line=0
[2025-12-01 13:52:27] [INFO] main: [Status] Mode=STARTUP, Price=0.0, Line=0
[2025-12-01 13:52:30] [INFO] main: [Status] Mode=STARTUP, Price=0.0, Line=0
[2025-12-01 13:52:33] [INFO] main: [Status] Mode=STARTUP, Price=0.0, Line=0
[2025-12-01 13:52:36] [INFO] main: [Status] Mode=STARTUP, Price=0.0, Line=0
[2025-12-01 13:52:38] [INFO] main: [Status] Mode=STARTUP, Price=0.0, Line=0
[2025-12-01 13:52:41] [INFO] main: [Status] Mode=STARTUP, Price=0.0, Line=0
[2025-12-01 13:52:44] [INFO] main: [Status] Mode=STARTUP, Price=0.0, Line=0
[2025-12-01 13:52:46] [INFO] main: [Status] Mode=STARTUP, Price=0.0, Line=0
[2025-12-01 13:52:49] [INFO] main: [Status] Mode=STARTUP, Price=0.0, Line=0
[2025-12-01 13:52:52] [INFO] main: [Status] Mode=STARTUP, Price=0.0, Line=0
[2025-12-01 13:52:55] [INFO] main: [Status] Mode=STARTUP, Price=0.0, Line=0
[2025-12-01 13:52:57] [INFO] main: [Status] Mode=STARTUP, Price=0.0, Line=0
[2025-12-01 13:53:00] [INFO] main: [Status] Mode=STARTUP, Price=0.0, Line=0
[2025-12-01 13:53:03] [INFO] main: [Status] Mode=STARTUP, Price=0.0, Line=0
[2025-12-01 13:53:06] [INFO] main: [Status] Mode=STARTUP, Price=0.0, Line=0
[2025-12-01 13:53:08] [INFO] main: [Status] Mode=STARTUP, Price=0.0, Line=0
[2025-12-01 13:53:11] [INFO] main: [Status] Mode=STARTUP, Price=0.0, Line=0
[2025-12-01 13:53:14] [INFO] main: [Status] Mode=STARTUP, Price=0.0, Line=0
[2025-12-01 13:53:16] [INFO] main: [Status] Mode=STARTUP, Price=0.0, Line=0
[2025-12-01 13:53:19] [INFO] main: [Status] Mode=STARTUP, Price=0.0, Line=0
[2025-12-01 13:53:22] [INFO] main: [Status] Mode=STARTUP, Price=0.0, Line=0
[2025-12-01 13:53:25] [INFO] main: [Status] Mode=STARTUP, Price=0.0, Line=0
[2025-12-01 13:53:27] [INFO] main: [Status] Mode=STARTUP, Price=0.0, Line=0
[2025-12-01 13:53:30] [INFO] main: [Status] Mode=STARTUP, Price=0.0, Line=0
[2025-12-01 13:53:34] [INFO] main: [Status] Mode=STARTUP, Price=0.0, Line=0
[2025-12-01 13:53:37] [INFO] main: [Status] Mode=STARTUP, Price=0.0, Line=0
[2025-12-01 13:53:39] [INFO] main: [Status] Mode=STARTUP, Price=0.0, Line=0
[2025-12-01 13:53:42] [INFO] main: [Status] Mode=STARTUP, Price=0.0, Line=0
[2025-12-01 13:53:45] [INFO] main: [Status] Mode=STARTUP, Price=0.0, Line=0
[2025-12-01 13:53:47] [INFO] main: [Status] Mode=STARTUP, Price=0.0, Line=0
[2025-12-01 13:53:50] [INFO] main: [Status] Mode=STARTUP, Price=0.0, Line=0
[2025-12-01 13:53:53] [INFO] main: [Status] Mode=STARTUP, Price=0.0, Line=0
[2025-12-01 13:53:56] [INFO] main: [Status] Mode=STARTUP, Price=0.0, Line=0
[2025-12-01 13:53:58] [INFO] main: [Status] Mode=STARTUP, Price=0.0, Line=0
[2025-12-01 13:54:01] [INFO] main: [Status] Mode=STARTUP, Price=0.0, Line=0
[2025-12-01 13:54:04] [INFO] main: [Status] Mode=STARTUP, Price=0.0, Line=0
[2025-12-01 13:54:07] [INFO] main: [Status] Mode=STARTUP, Price=0.0, Line=0
[2025-12-01 13:54:09] [INFO] main: [Status] Mode=STARTUP, Price=0.0, Line=0
[2025-12-01 13:54:12] [INFO] main: [Status] Mode=STARTUP, Price=0.0, Line=0
[2025-12-01 13:54:15] [INFO] main: [Status] Mode=STARTUP, Price=0.0, Line=0
[2025-12-01 13:54:18] [INFO] main: [Status] Mode=STARTUP, Price=0.0, Line=0
[2025-12-01 13:54:20] [INFO] main: [Status] Mode=STARTUP, Price=0.0, Line=0
[2025-12-01 13:54:23] [INFO] main: [Status] Mode=STARTUP, Price=0.0, Line=0
[2025-12-01 13:54:26] [INFO] main: [Status] Mode=STARTUP, Price=0.0, Line=0
[2025-12-01 13:54:28] [INFO] main: [Status] Mode=STARTUP, Price=0.0, Line=0
[2025-12-01 13:54:31] [INFO] main: [Status] Mode=STARTUP, Price=0.0, Line=0
[2025-12-01 13:54:34] [INFO] main: [Status] Mode=STARTUP, Price=0.0, Line=0
[2025-12-01 13:54:37] [INFO] main: [Status] Mode=STARTUP, Price=0.0, Line=0
[2025-12-01 13:54:39] [INFO] main: [Status] Mode=STARTUP, Price=0.0, Line=0
[2025-12-01 13:54:42] [INFO] main: [Status] Mode=STARTUP, Price=0.0, Line=0
[2025-12-01 13:54:45] [INFO] main: [Status] Mode=STARTUP, Price=0.0, Line=0
[2025-12-01 13:54:48] [INFO] main: [Status] Mode=STARTUP, Price=0.0, Line=0
[2025-12-01 13:54:50] [INFO] main: [Status] Mode=STARTUP, Price=0.0, Line=0
[2025-12-01 13:54:53] [INFO] main: [Status] Mode=STARTUP, Price=0.0, Line=0
[2025-12-01 13:54:56] [INFO] main: [Status] Mode=STARTUP, Price=0.0, Line=0
[2025-12-01 13:54:58] [INFO] main: [Status] Mode=STARTUP, Price=0.0, Line=0
[2025-12-01 13:55:01] [INFO] main: [Status] Mode=STARTUP, Price=0.0, Line=0
[2025-12-01 13:55:04] [INFO] main: [Status] Mode=STARTUP, Price=0.0, Line=0
[2025-12-01 13:55:07] [INFO] main: [Status] Mode=STARTUP, Price=0.0, Line=0
[2025-12-01 13:55:09] [INFO] main: [Status] Mode=STARTUP, Price=0.0, Line=0
[2025-12-01 13:55:12] [INFO] main: [Status] Mode=STARTUP, Price=0.0, Line=0
[2025-12-01 13:55:15] [INFO] main: [Status] Mode=STARTUP, Price=0.0, Line=0
[2025-12-01 13:55:18] [INFO] main: [Status] Mode=STARTUP, Price=0.0, Line=0
[2025-12-01 13:55:20] [INFO] main: [Status] Mode=STARTUP, Price=0.0, Line=0
[2025-12-01 13:55:23] [INFO] main: [Status] Mode=STARTUP, Price=0.0, Line=0
[2025-12-01 13:55:26] [INFO] main: [Status] Mode=STARTUP, Price=0.0, Line=0
[2025-12-01 13:55:28] [INFO] main: [Status] Mode=STARTUP, Price=0.0, Line=0
[2025-12-01 13:55:31] [INFO] main: [Status] Mode=STARTUP, Price=0.0, Line=0
[2025-12-01 13:55:34] [INFO] main: [Status] Mode=STARTUP, Price=0.0, Line=0
[2025-12-01 13:55:37] [INFO] main: [Status] Mode=STARTUP, Price=0.0, Line=0
[2025-12-01 13:55:39] [INFO] main: [Status] Mode=STARTUP, Price=0.0, Line=0
[2025-12-01 13:55:42] [INFO] main: [Status] Mode=STARTUP, Price=0.0, Line=0
[2025-12-01 13:55:45] [INFO] main: [Status] Mode=STARTUP, Price=0.0, Line=0
[2025-12-01 13:55:48] [INFO] main: [Status] Mode=STARTUP, Price=0.0, Line=0
[2025-12-01 13:55:50] [INFO] main: [Status] Mode=STARTUP, Price=0.0, Line=0
[2025-12-01 13:55:53] [INFO] main: [Status] Mode=STARTUP, Price=0.0, Line=0
[2025-12-01 13:55:56] [INFO] main: [Status] Mode=STARTUP, Price=0.0, Line=0
[2025-12-01 13:55:58] [INFO] main: [Status] Mode=STARTUP, Price=0.0, Line=0
[2025-12-01 13:56:01] [INFO] main: [Status] Mode=STARTUP, Price=0.0, Line=0
[2025-12-01 13:56:04] [INFO] main: [Status] Mode=STARTUP, Price=0.0, Line=0
[2025-12-01 13:56:07] [INFO] main: [Status] Mode=STARTUP, Price=0.0, Line=0
[2025-12-01 13:56:09] [INFO] main: [Status] Mode=STARTUP, Price=0.0, Line=0
[2025-12-01 13:56:12] [INFO] main: [Status] Mode=STARTUP, Price=0.0, Line=0
[2025-12-01 13:56:15] [INFO] main: [Status] Mode=STARTUP, Price=0.0, Line=0
[2025-12-01 13:56:18] [INFO] main: [Status] Mode=STARTUP, Price=0.0, Line=0
[2025-12-01 13:56:20] [INFO] main: [Status] Mode=STARTUP, Price=0.0, Line=0
[2025-12-01 13:56:23] [INFO] main: [Status] Mode=STARTUP, Price=0.0, Line=0
[2025-12-01 13:56:26] [INFO] main: [Status] Mode=STARTUP, Price=0.0, Line=0
[2025-12-01 13:56:29] [INFO] main: [Status] Mode=STARTUP, Price=0.0, Line=0
[2025-12-01 13:56:31] [INFO] main: [Status] Mode=STARTUP, Price=0.0, Line=0
[2025-12-01 13:56:34] [INFO] main: [Status] Mode=STARTUP, Price=0.0, Line=0
[2025-12-01 13:56:37] [INFO] main: [Status] Mode=STARTUP, Price=0.0, Line=0
[2025-12-01 13:56:39] [INFO] main: [Status] Mode=STARTUP, Price=0.0, Line=0
[2025-12-01 13:56:42] [INFO] main: [Status] Mode=STARTUP, Price=0.0, Line=0
[2025-12-01 13:56:45] [INFO] main: [Status] Mode=STARTUP, Price=0.0, Line=0
[2025-12-01 13:56:48] [INFO] main: [Status] Mode=STARTUP, Price=0.0, Line=0
[2025-12-01 13:56:50] [INFO] main: [Status] Mode=STARTUP, Price=0.0, Line=0
[2025-12-01 13:56:53] [INFO] main: [Status] Mode=STARTUP, Price=0.0, Line=0
[2025-12-01 13:56:56] [INFO] main: [Status] Mode=STARTUP, Price=0.0, Line=0
[2025-12-01 13:56:59] [INFO] main: [Status] Mode=STARTUP, Price=0.0, Line=0
[2025-12-01 13:57:01] [INFO] main: [Status] Mode=STARTUP, Price=0.0, Line=0
[2025-12-01 13:57:04] [INFO] main: [Status] Mode=STARTUP, Price=0.0, Line=0
[2025-12-01 13:57:07] [INFO] main: [Status] Mode=STARTUP, Price=0.0, Line=0
[2025-12-01 13:57:10] [INFO] main: [Status] Mode=STARTUP, Price=0.0, Line=0
[2025-12-01 13:57:12] [INFO] main: [Status] Mode=STARTUP, Price=0.0, Line=0
[2025-12-01 13:57:15] [INFO] main: [Status] Mode=STARTUP, Price=0.0, Line=0
[2025-12-01 13:57:18] [INFO] main: [Status] Mode=STARTUP, Price=0.0, Line=0
[2025-12-01 13:57:20] [INFO] main: [Status] Mode=STARTUP, Price=0.0, Line=0
[2025-12-01 13:57:23] [INFO] main: [Status] Mode=STARTUP, Price=0.0, Line=0
[2025-12-01 13:57:26] [INFO] main: [Status] Mode=STARTUP, Price=0.0, Line=0
[2025-12-01 13:57:29] [INFO] main: [Status] Mode=STARTUP, Price=0.0, Line=0
[2025-12-01 13:57:31] [INFO] main: [Status] Mode=STARTUP, Price=0.0, Line=0
[2025-12-01 13:57:34] [INFO] main: [Status] Mode=STARTUP, Price=0.0, Line=0
[2025-12-01 13:57:37] [INFO] main: [Status] Mode=STARTUP, Price=0.0, Line=0
[2025-12-01 13:57:39] [INFO] main: [Status] Mode=STARTUP, Price=0.0, Line=0
[2025-12-01 13:57:42] [INFO] main: [Status] Mode=STARTUP, Price=0.0, Line=0
[2025-12-01 13:57:45] [INFO] main: [Status] Mode=STARTUP, Price=0.0, Line=0
[2025-12-01 13:57:48] [INFO] main: [Status] Mode=STARTUP, Price=0.0, Line=0
[2025-12-01 13:57:50] [INFO] main: [Status] Mode=STARTUP, Price=0.0, Line=0
[2025-12-01 13:57:53] [INFO] main: [Status] Mode=STARTUP, Price=0.0, Line=0
[2025-12-01 13:57:56] [INFO] main: [Status] Mode=STARTUP, Price=0.0, Line=0
[2025-12-01 13:57:59] [INFO] main: [Status] Mode=STARTUP, Price=0.0, Line=0
[2025-12-01 13:58:01] [INFO] main: [Status] Mode=STARTUP, Price=0.0, Line=0
[2025-12-01 13:58:04] [INFO] main: [Status] Mode=STARTUP, Price=0.0, Line=0
[2025-12-01 13:58:07] [INFO] main: [Status] Mode=STARTUP, Price=0.0, Line=0
[2025-12-01 13:58:09] [INFO] main: [Status] Mode=STARTUP, Price=0.0, Line=0
[2025-12-01 13:58:12] [INFO] main: [Status] Mode=STARTUP, Price=0.0, Line=0
[2025-12-01 13:58:15] [INFO] main: [Status] Mode=STARTUP, Price=0.0, Line=0
[2025-12-01 13:58:18] [INFO] main: [Status] Mode=STARTUP, Price=0.0, Line=0
[2025-12-01 13:58:20] [INFO] main: [Status] Mode=STARTUP, Price=0.0, Line=0
[2025-12-01 13:58:23] [INFO] main: [Status] Mode=STARTUP, Price=0.0, Line=0
[2025-12-01 13:58:26] [INFO] main: [Status] Mode=STARTUP, Price=0.0, Line=0
[2025-12-01 13:58:29] [INFO] main: [Status] Mode=STARTUP, Price=0.0, Line=0
[2025-12-01 13:58:31] [INFO] main: [Status] Mode=STARTUP, Price=0.0, Line=0
[2025-12-01 13:58:34] [INFO] main: [Status] Mode=STARTUP, Price=0.0, Line=0
[2025-12-01 13:58:37] [INFO] main: [Status] Mode=STARTUP, Price=0.0, Line=0
[2025-12-01 13:58:39] [INFO] main: [Status] Mode=STARTUP, Price=0.0, Line=0
[2025-12-01 13:58:42] [INFO] main: [Status] Mode=STARTUP, Price=0.0, Line=0
[2025-12-01 13:58:45] [INFO] main: [Status] Mode=STARTUP, Price=0.0, Line=0
[2025-12-01 13:58:48] [INFO] main: [Status] Mode=STARTUP, Price=0.0, Line=0
[2025-12-01 13:58:50] [INFO] main: [Status] Mode=STARTUP, Price=0.0, Line=0
[2025-12-01 13:58:53] [INFO] main: [Status] Mode=STARTUP, Price=0.0, Line=0
[2025-12-01 13:58:56] [INFO] main: [Status] Mode=STARTUP, Price=0.0, Line=0
[2025-12-01 13:58:59] [INFO] main: [Status] Mode=STARTUP, Price=0.0, Line=0
[2025-12-01 13:59:01] [INFO] main: [Status] Mode=STARTUP, Price=0.0, Line=0
[2025-12-01 13:59:04] [INFO] main: [Status] Mode=STARTUP, Price=0.0, Line=0
[2025-12-01 13:59:07] [INFO] main: [Status] Mode=STARTUP, Price=0.0, Line=0
[2025-12-01 13:59:10] [INFO] main: [Status] Mode=STARTUP, Price=0.0, Line=0
[2025-12-01 13:59:12] [INFO] main: [Status] Mode=STARTUP, Price=0.0, Line=0
[2025-12-01 13:59:15] [INFO] main: [Status] Mode=STARTUP, Price=0.0, Line=0
[2025-12-01 13:59:18] [INFO] main: [Status] Mode=STARTUP, Price=0.0, Line=0
[2025-12-01 13:59:20] [INFO] main: [Status] Mode=STARTUP, Price=0.0, Line=0
[2025-12-01 13:59:23] [INFO] main: [Status] Mode=STARTUP, Price=0.0, Line=0
[2025-12-01 13:59:26] [INFO] main: [Status] Mode=STARTUP, Price=0.0, Line=0
[2025-12-01 13:59:29] [INFO] main: [Status] Mode=STARTUP, Price=0.0, Line=0
[2025-12-01 13:59:31] [INFO] main: [Status] Mode=STARTUP, Price=0.0, Line=0
[2025-12-01 13:59:34] [INFO] main: [Status] Mode=STARTUP, Price=0.0, Line=0
[2025-12-01 13:59:37] [INFO] main: [Status] Mode=STARTUP, Price=0.0, Line=0
[2025-12-01 13:59:40] [INFO] main: [Status] Mode=STARTUP, Price=0.0, Line=0
[2025-12-01 13:59:42] [INFO] main: [Status] Mode=STARTUP, Price=0.0, Line=0
[2025-12-01 13:59:45] [INFO] main: [Status] Mode=STARTUP, Price=0.0, Line=0
[2025-12-01 13:59:48] [INFO] main: [Status] Mode=STARTUP, Price=0.0, Line=0
[2025-12-01 13:59:50] [INFO] main: [Status] Mode=STARTUP, Price=0.0, Line=0
[2025-12-01 13:59:53] [INFO] main: [Status] Mode=STARTUP, Price=0.0, Line=0
[2025-12-01 13:59:56] [INFO] main: [Status] Mode=STARTUP, Price=0.0, Line=0
[2025-12-01 13:59:59] [INFO] main: [Status] Mode=STARTUP, Price=0.0, Line=0
[2025-12-01 14:00:01] [INFO] main: [Status] Mode=STARTUP, Price=0.0, Line=0
[2025-12-01 14:00:04] [INFO] main: [Status] Mode=STARTUP, Price=0.0, Line=0
[2025-12-01 14:00:07] [INFO] main: [Status] Mode=STARTUP, Price=0.0, Line=0
[2025-12-01 14:00:10] [INFO] main: [Status] Mode=STARTUP, Price=0.0, Line=0
[2025-12-01 14:00:12] [INFO] main: [Status] Mode=STARTUP, Price=0.0, Line=0
[2025-12-01 14:00:15] [INFO] main: [Status] Mode=STARTUP, Price=0.0, Line=0
[2025-12-01 14:00:18] [INFO] main: [Status] Mode=STARTUP, Price=0.0, Line=0
[2025-12-01 14:00:21] [INFO] main: [Status] Mode=STARTUP, Price=0.0, Line=0
[2025-12-01 14:00:23] [INFO] main: [Status] Mode=STARTUP, Price=0.0, Line=0
[2025-12-01 14:00:26] [INFO] main: [Status] Mode=STARTUP, Price=0.0, Line=0
[2025-12-01 14:00:29] [INFO] main: [Status] Mode=STARTUP, Price=0.0, Line=0
[2025-12-01 14:00:32] [INFO] main: [Status] Mode=STARTUP, Price=0.0, Line=0
[2025-12-01 14:00:34] [INFO] main: [Status] Mode=STARTUP, Price=0.0, Line=0
[2025-12-01 14:00:37] [INFO] main: [Status] Mode=STARTUP, Price=0.0, Line=0
[2025-12-01 14:00:40] [INFO] main: [Status] Mode=STARTUP, Price=0.0, Line=0
[2025-12-01 14:00:42] [INFO] main: [Status] Mode=STARTUP, Price=0.0, Line=0
[2025-12-01 14:00:45] [INFO] main: [Status] Mode=STARTUP, Price=0.0, Line=0
[2025-12-01 14:00:48] [INFO] main: [Status] Mode=STARTUP, Price=0.0, Line=0
[2025-12-01 14:00:51] [INFO] main: [Status] Mode=STARTUP, Price=0.0, Line=0
[2025-12-01 14:00:53] [INFO] main: [Status] Mode=STARTUP, Price=0.0, Line=0
[2025-12-01 14:00:56] [INFO] main: [Status] Mode=STARTUP, Price=0.0, Line=0
[2025-12-01 14:00:59] [INFO] main: [Status] Mode=STARTUP, Price=0.0, Line=0
[2025-12-01 14:01:02] [INFO] main: [Status] Mode=STARTUP, Price=0.0, Line=0
[2025-12-01 14:01:04] [INFO] main: [Status] Mode=STARTUP, Price=0.0, Line=0
[2025-12-01 14:01:07] [INFO] main: [Status] Mode=STARTUP, Price=0.0, Line=0
[2025-12-01 14:01:10] [INFO] main: [Status] Mode=STARTUP, Price=0.0, Line=0
[2025-12-01 14:01:13] [INFO] main: [Status] Mode=STARTUP, Price=0.0, Line=0
[2025-12-01 14:01:15] [INFO] main: [Status] Mode=STARTUP, Price=0.0, Line=0
[2025-12-01 14:01:18] [INFO] main: [Status] Mode=STARTUP, Price=0.0, Line=0
[2025-12-01 14:01:21] [INFO] main: [Status] Mode=STARTUP, Price=0.0, Line=0
[2025-12-01 14:01:23] [INFO] main: [Status] Mode=STARTUP, Price=0.0, Line=0
[2025-12-01 14:01:26] [INFO] main: [Status] Mode=STARTUP, Price=0.0, Line=0
[2025-12-01 14:01:29] [INFO] main: [Status] Mode=STARTUP, Price=0.0, Line=0
[2025-12-01 14:01:32] [INFO] main: [Status] Mode=STARTUP, Price=0.0, Line=0
[2025-12-01 14:01:34] [INFO] main: [Status] Mode=STARTUP, Price=0.0, Line=0
[2025-12-01 14:01:37] [INFO] main: [Status] Mode=STARTUP, Price=0.0, Line=0
[2025-12-01 14:01:40] [INFO] main: [Status] Mode=STARTUP, Price=0.0, Line=0
[2025-12-01 14:01:42] [INFO] main: [Status] Mode=STARTUP, Price=0.0, Line=0
[2025-12-01 14:01:45] [INFO] main: [Status] Mode=STARTUP, Price=0.0, Line=0
[2025-12-01 14:01:48] [INFO] main: [Status] Mode=STARTUP, Price=0.0, Line=0
[2025-12-01 14:01:51] [INFO] main: [Status] Mode=STARTUP, Price=0.0, Line=0
[2025-12-01 14:01:53] [INFO] main: [Status] Mode=STARTUP, Price=0.0, Line=0
[2025-12-01 14:01:56] [INFO] main: [Status] Mode=STARTUP, Price=0.0, Line=0
[2025-12-01 14:01:59] [INFO] main: [Status] Mode=STARTUP, Price=0.0, Line=0
[2025-12-01 14:02:02] [INFO] main: [Status] Mode=STARTUP, Price=0.0, Line=0
[2025-12-01 14:02:04] [INFO] main: [Status] Mode=STARTUP, Price=0.0, Line=0
[2025-12-01 14:02:07] [INFO] main: [Status] Mode=STARTUP, Price=0.0, Line=0
[2025-12-01 14:02:10] [INFO] main: [Status] Mode=STARTUP, Price=0.0, Line=0
[2025-12-01 14:02:12] [INFO] main: [Status] Mode=STARTUP, Price=0.0, Line=0
[2025-12-01 14:02:15] [INFO] main: [Status] Mode=STARTUP, Price=0.0, Line=0
[2025-12-01 14:02:18] [INFO] main: [Status] Mode=STARTUP, Price=0.0, Line=0
[2025-12-01 14:02:21] [INFO] main: [Status] Mode=STARTUP, Price=0.0, Line=0
[2025-12-01 14:02:23] [INFO] main: [Status] Mode=STARTUP, Price=0.0, Line=0
[2025-12-01 14:02:26] [INFO] main: [Status] Mode=STARTUP, Price=0.0, Line=0
[2025-12-01 14:02:29] [INFO] main: [Status] Mode=STARTUP, Price=0.0, Line=0
[2025-12-01 14:02:32] [INFO] main: [Status] Mode=STARTUP, Price=0.0, Line=0
[2025-12-01 14:02:34] [INFO] main: [Status] Mode=STARTUP, Price=0.0, Line=0
[2025-12-01 14:02:37] [INFO] main: [Status] Mode=STARTUP, Price=0.0, Line=0
[2025-12-01 14:02:40] [INFO] main: [Status] Mode=STARTUP, Price=0.0, Line=0
[2025-12-01 14:02:42] [INFO] main: [Status] Mode=STARTUP, Price=0.0, Line=0
[2025-12-01 14:02:45] [INFO] main: [Status] Mode=STARTUP, Price=0.0, Line=0
[2025-12-01 14:02:48] [INFO] main: [Status] Mode=STARTUP, Price=0.0, Line=0
[2025-12-01 14:02:51] [INFO] main: [Status] Mode=STARTUP, Price=0.0, Line=0
[2025-12-01 14:02:53] [INFO] main: [Status] Mode=STARTUP, Price=0.0, Line=0
[2025-12-01 14:02:56] [INFO] main: [Status] Mode=STARTUP, Price=0.0, Line=0
[2025-12-01 14:02:59] [INFO] main: [Status] Mode=STARTUP, Price=0.0, Line=0
[2025-12-01 14:03:02] [INFO] main: [Status] Mode=STARTUP, Price=0.0, Line=0
[2025-12-01 14:03:04] [INFO] main: [Status] Mode=STARTUP, Price=0.0, Line=0
[2025-12-01 14:03:07] [INFO] main: [Status] Mode=STARTUP, Price=0.0, Line=0
[2025-12-01 14:03:10] [INFO] main: [Status] Mode=STARTUP, Price=0.0, Line=0
[2025-12-01 14:03:13] [INFO] main: [Status] Mode=STARTUP, Price=0.0, Line=0
[2025-12-01 14:03:15] [INFO] main: [Status] Mode=STARTUP, Price=0.0, Line=0
[2025-12-01 14:03:18] [INFO] main: [Status] Mode=STARTUP, Price=0.0, Line=0
[2025-12-01 14:03:21] [INFO] main: [Status] Mode=STARTUP, Price=0.0, Line=0
[2025-12-01 14:03:23] [INFO] main: [Status] Mode=STARTUP, Price=0.0, Line=0
[2025-12-01 14:03:26] [INFO] main: [Status] Mode=STARTUP, Price=0.0, Line=0
[2025-12-01 14:03:29] [INFO] main: [Status] Mode=STARTUP, Price=0.0, Line=0
[2025-12-01 14:03:32] [INFO] main: [Status] Mode=STARTUP, Price=0.0, Line=0
[2025-12-01 14:03:34] [INFO] main: [Status] Mode=STARTUP, Price=0.0, Line=0
[2025-12-01 14:03:37] [INFO] main: [Status] Mode=STARTUP, Price=0.0, Line=0
[2025-12-01 14:03:40] [INFO] main: [Status] Mode=STARTUP, Price=0.0, Line=0
[2025-12-01 14:03:42] [INFO] main: [Status] Mode=STARTUP, Price=0.0, Line=0
[2025-12-01 14:03:45] [INFO] main: [Status] Mode=STARTUP, Price=0.0, Line=0
[2025-12-01 14:03:48] [INFO] main: [Status] Mode=STARTUP, Price=0.0, Line=0
[2025-12-01 14:03:51] [INFO] main: [Status] Mode=STARTUP, Price=0.0, Line=0
[2025-12-01 14:03:53] [INFO] main: [Status] Mode=STARTUP, Price=0.0, Line=0
[2025-12-01 14:03:56] [INFO] main: [Status] Mode=STARTUP, Price=0.0, Line=0
[2025-12-01 14:03:59] [INFO] main: [Status] Mode=STARTUP, Price=0.0, Line=0
[2025-12-01 14:04:02] [INFO] main: [Status] Mode=STARTUP, Price=0.0, Line=0
[2025-12-01 14:04:04] [INFO] main: [Status] Mode=STARTUP, Price=0.0, Line=0
[2025-12-01 14:04:07] [INFO] main: [Status] Mode=STARTUP, Price=0.0, Line=0
[2025-12-01 14:04:10] [INFO] main: [Status] Mode=STARTUP, Price=0.0, Line=0
[2025-12-01 14:04:13] [INFO] main: [Status] Mode=STARTUP, Price=0.0, Line=0
[2025-12-01 14:04:15] [INFO] main: [Status] Mode=STARTUP, Price=0.0, Line=0
[2025-12-01 14:04:18] [INFO] main: [Status] Mode=STARTUP, Price=0.0, Line=0
[2025-12-01 14:04:21] [INFO] main: [Status] Mode=STARTUP, Price=0.0, Line=0
[2025-12-01 14:04:23] [INFO] main: [Status] Mode=STARTUP, Price=0.0, Line=0
[2025-12-01 14:04:26] [INFO] main: [Status] Mode=STARTUP, Price=0.0, Line=0
[2025-12-01 14:04:29] [INFO] main: [Status] Mode=STARTUP, Price=0.0, Line=0
[2025-12-01 14:04:32] [INFO] main: [Status] Mode=STARTUP, Price=0.0, Line=0
[2025-12-01 14:04:34] [INFO] main: [Status] Mode=STARTUP, Price=0.0, Line=0
[2025-12-01 14:04:37] [INFO] main: [Status] Mode=STARTUP, Price=0.0, Line=0
[2025-12-01 14:04:40] [INFO] main: [Status] Mode=STARTUP, Price=0.0, Line=0
[2025-12-01 14:04:43] [INFO] main: [Status] Mode=STARTUP, Price=0.0, Line=0
[2025-12-01 14:04:45] [INFO] main: [Status] Mode=STARTUP, Price=0.0, Line=0
[2025-12-01 14:04:48] [INFO] main: [Status] Mode=STARTUP, Price=0.0, Line=0
[2025-12-01 14:04:51] [INFO] main: [Status] Mode=STARTUP, Price=0.0, Line=0
[2025-12-01 14:04:53] [INFO] main: [Status] Mode=STARTUP, Price=0.0, Line=0
[2025-12-01 14:04:56] [INFO] main: [Status] Mode=STARTUP, Price=0.0, Line=0
[2025-12-01 14:04:59] [INFO] main: [Status] Mode=STARTUP, Price=0.0, Line=0
[2025-12-01 14:05:02] [INFO] main: [Status] Mode=STARTUP, Price=0.0, Line=0
[2025-12-01 14:05:04] [INFO] main: [Status] Mode=STARTUP, Price=0.0, Line=0
[2025-12-01 14:05:07] [INFO] main: [Status] Mode=STARTUP, Price=0.0, Line=0
[2025-12-01 14:05:10] [INFO] main: [Status] Mode=STARTUP, Price=0.0, Line=0
[2025-12-01 14:05:13] [INFO] main: [Status] Mode=STARTUP, Price=0.0, Line=0
[2025-12-01 14:05:15] [INFO] main: [Status] Mode=STARTUP, Price=0.0, Line=0
[2025-12-01 14:05:18] [INFO] main: [Status] Mode=STARTUP, Price=0.0, Line=0
[2025-12-01 14:05:21] [INFO] main: [Status] Mode=STARTUP, Price=0.0, Line=0
[2025-12-01 14:05:23] [INFO] main: [Status] Mode=STARTUP, Price=0.0, Line=0
[2025-12-01 14:05:26] [INFO] main: [Status] Mode=STARTUP, Price=0.0, Line=0
[2025-12-01 14:05:29] [INFO] main: [Status] Mode=STARTUP, Price=0.0, Line=0
[2025-12-01 14:05:32] [INFO] main: [Status] Mode=STARTUP, Price=0.0, Line=0
[2025-12-01 14:05:34] [INFO] main: [Status] Mode=STARTUP, Price=0.0, Line=0
[2025-12-01 14:05:37] [INFO] main: [Status] Mode=STARTUP, Price=0.0, Line=0
[2025-12-01 14:05:40] [INFO] main: [Status] Mode=STARTUP, Price=0.0, Line=0
[2025-12-01 14:05:43] [INFO] main: [Status] Mode=STARTUP, Price=0.0, Line=0
[2025-12-01 14:05:45] [INFO] main: [Status] Mode=STARTUP, Price=0.0, Line=0
[2025-12-01 14:05:48] [INFO] main: [Status] Mode=STARTUP, Price=0.0, Line=0
[2025-12-01 14:05:51] [INFO] main: [Status] Mode=STARTUP, Price=0.0, Line=0
[2025-12-01 14:05:53] [INFO] main: [Status] Mode=STARTUP, Price=0.0, Line=0
[2025-12-01 14:05:56] [INFO] main: [Status] Mode=STARTUP, Price=0.0, Line=0
[2025-12-01 14:05:59] [INFO] main: [Status] Mode=STARTUP, Price=0.0, Line=0
[2025-12-01 14:06:02] [INFO] main: [Status] Mode=STARTUP, Price=0.0, Line=0
[2025-12-01 14:06:04] [INFO] main: [Status] Mode=STARTUP, Price=0.0, Line=0
[2025-12-01 14:06:07] [INFO] main: [Status] Mode=STARTUP, Price=0.0, Line=0
[2025-12-01 14:06:10] [INFO] main: [Status] Mode=STARTUP, Price=0.0, Line=0
[2025-12-01 14:06:13] [INFO] main: [Status] Mode=STARTUP, Price=0.0, Line=0
[2025-12-01 14:06:15] [INFO] main: [Status] Mode=STARTUP, Price=0.0, Line=0
[2025-12-01 14:06:18] [INFO] main: [Status] Mode=STARTUP, Price=0.0, Line=0
[2025-12-01 14:06:21] [INFO] main: [Status] Mode=STARTUP, Price=0.0, Line=0
[2025-12-01 14:06:24] [INFO] main: [Status] Mode=STARTUP, Price=0.0, Line=0
[2025-12-01 14:06:26] [INFO] main: [Status] Mode=STARTUP, Price=0.0, Line=0
[2025-12-01 14:06:29] [INFO] main: [Status] Mode=STARTUP, Price=0.0, Line=0
[2025-12-01 14:06:32] [INFO] main: [Status] Mode=STARTUP, Price=0.0, Line=0
[2025-12-01 14:06:34] [INFO] main: [Status] Mode=STARTUP, Price=0.0, Line=0
[2025-12-01 14:06:37] [INFO] main: [Status] Mode=STARTUP, Price=0.0, Line=0
[2025-12-01 14:06:40] [INFO] main: [Status] Mode=STARTUP, Price=0.0, Line=0
[2025-12-01 14:06:43] [INFO] main: [Status] Mode=STARTUP, Price=0.0, Line=0
[2025-12-01 14:06:45] [INFO] main: [Status] Mode=STARTUP, Price=0.0, Line=0
[2025-12-01 14:06:48] [INFO] main: [Status] Mode=STARTUP, Price=0.0, Line=0
[2025-12-01 14:06:51] [INFO] main: [Status] Mode=STARTUP, Price=0.0, Line=0
[2025-12-01 14:06:53] [INFO] main: [Status] Mode=STARTUP, Price=0.0, Line=0
[2025-12-01 14:06:56] [INFO] main: [Status] Mode=STARTUP, Price=0.0, Line=0
[2025-12-01 14:06:59] [INFO] main: [Status] Mode=STARTUP, Price=0.0, Line=0
[2025-12-01 14:07:02] [INFO] main: [Status] Mode=STARTUP, Price=0.0, Line=0
[2025-12-01 14:07:04] [INFO] main: [Status] Mode=STARTUP, Price=0.0, Line=0
[2025-12-01 14:07:07] [INFO] main: [Status] Mode=STARTUP, Price=0.0, Line=0
[2025-12-01 14:07:10] [INFO] main: [Status] Mode=STARTUP, Price=0.0, Line=0
[2025-12-01 14:07:13] [INFO] main: [Status] Mode=STARTUP, Price=0.0, Line=0
[2025-12-01 14:07:15] [INFO] main: [Status] Mode=STARTUP, Price=0.0, Line=0
[2025-12-01 14:07:18] [INFO] main: [Status] Mode=STARTUP, Price=0.0, Line=0
[2025-12-01 14:07:21] [INFO] main: [Status] Mode=STARTUP, Price=0.0, Line=0
[2025-12-01 14:07:23] [INFO] main: [Status] Mode=STARTUP, Price=0.0, Line=0
[2025-12-01 14:07:26] [INFO] main: [Status] Mode=STARTUP, Price=0.0, Line=0
[2025-12-01 14:07:29] [INFO] main: [Status] Mode=STARTUP, Price=0.0, Line=0
[2025-12-01 14:07:32] [INFO] main: [Status] Mode=STARTUP, Price=0.0, Line=0
[2025-12-01 14:07:34] [INFO] main: [Status] Mode=STARTUP, Price=0.0, Line=0
[2025-12-01 14:07:37] [INFO] main: [Status] Mode=STARTUP, Price=0.0, Line=0
[2025-12-01 14:07:40] [INFO] main: [Status] Mode=STARTUP, Price=0.0, Line=0
[2025-12-01 14:07:43] [INFO] main: [Status] Mode=STARTUP, Price=0.0, Line=0
[2025-12-01 14:07:45] [INFO] main: [Status] Mode=STARTUP, Price=0.0, Line=0
[2025-12-01 14:07:48] [INFO] main: [Status] Mode=STARTUP, Price=0.0, Line=0
[2025-12-01 14:07:51] [INFO] main: [Status] Mode=STARTUP, Price=0.0, Line=0
[2025-12-01 14:07:53] [INFO] main: [Status] Mode=STARTUP, Price=0.0, Line=0
[2025-12-01 14:07:56] [INFO] main: [Status] Mode=STARTUP, Price=0.0, Line=0
[2025-12-01 14:07:59] [INFO] main: [Status] Mode=STARTUP, Price=0.0, Line=0
[2025-12-01 14:08:02] [INFO] main: [Status] Mode=STARTUP, Price=0.0, Line=0
[2025-12-01 14:08:04] [INFO] main: [Status] Mode=STARTUP, Price=0.0, Line=0
[2025-12-01 14:08:07] [INFO] main: [Status] Mode=STARTUP, Price=0.0, Line=0
[2025-12-01 14:08:10] [INFO] main: [Status] Mode=STARTUP, Price=0.0, Line=0
[2025-12-01 14:08:13] [INFO] main: [Status] Mode=STARTUP, Price=0.0, Line=0
[2025-12-01 14:08:15] [INFO] main: [Status] Mode=STARTUP, Price=0.0, Line=0
[2025-12-01 14:08:18] [INFO] main: [Status] Mode=STARTUP, Price=0.0, Line=0
[2025-12-01 14:08:21] [INFO] main: [Status] Mode=STARTUP, Price=0.0, Line=0
[2025-12-01 14:08:23] [INFO] main: [Status] Mode=STARTUP, Price=0.0, Line=0
[2025-12-01 14:08:26] [INFO] main: [Status] Mode=STARTUP, Price=0.0, Line=0
[2025-12-01 14:08:29] [INFO] main: [Status] Mode=STARTUP, Price=0.0, Line=0
[2025-12-01 14:08:32] [INFO] main: [Status] Mode=STARTUP, Price=0.0, Line=0
[2025-12-01 14:08:34] [INFO] main: [Status] Mode=STARTUP, Price=0.0, Line=0
[2025-12-01 14:08:37] [INFO] main: [Status] Mode=STARTUP, Price=0.0, Line=0
[2025-12-01 14:08:40] [INFO] main: [Status] Mode=STARTUP, Price=0.0, Line=0
[2025-12-01 14:08:43] [INFO] main: [Status] Mode=STARTUP, Price=0.0, Line=0
[2025-12-01 14:08:45] [INFO] main: [Status] Mode=STARTUP, Price=0.0, Line=0
[2025-12-01 14:08:48] [INFO] main: [Status] Mode=STARTUP, Price=0.0, Line=0
[2025-12-01 14:08:51] [INFO] main: [Status] Mode=STARTUP, Price=0.0, Line=0
[2025-12-01 14:08:53] [INFO] main: [Status] Mode=STARTUP, Price=0.0, Line=0
[2025-12-01 14:08:56] [INFO] main: [Status] Mode=STARTUP, Price=0.0, Line=0
[2025-12-01 14:08:59] [INFO] main: [Status] Mode=STARTUP, Price=0.0, Line=0
[2025-12-01 14:09:02] [INFO] main: [Status] Mode=STARTUP, Price=0.0, Line=0
[2025-12-01 14:09:04] [INFO] main: [Status] Mode=STARTUP, Price=0.0, Line=0
[2025-12-01 14:09:07] [INFO] main: [Status] Mode=STARTUP, Price=0.0, Line=0
[2025-12-01 14:09:10] [INFO] main: [Status] Mode=STARTUP, Price=0.0, Line=0
[2025-12-01 14:09:12] [INFO] main: [Status] Mode=STARTUP, Price=0.0, Line=0
[2025-12-01 14:09:15] [INFO] main: [Status] Mode=STARTUP, Price=0.0, Line=0
[2025-12-01 14:09:18] [INFO] main: [Status] Mode=STARTUP, Price=0.0, Line=0
[2025-12-01 14:09:21] [INFO] main: [Status] Mode=STARTUP, Price=0.0, Line=0
[2025-12-01 14:09:23] [INFO] main: [Status] Mode=STARTUP, Price=0.0, Line=0
[2025-12-01 14:09:26] [INFO] main: [Status] Mode=STARTUP, Price=0.0, Line=0
[2025-12-01 14:09:29] [INFO] main: [Status] Mode=STARTUP, Price=0.0, Line=0
[2025-12-01 14:09:32] [INFO] main: [Status] Mode=STARTUP, Price=0.0, Line=0
[2025-12-01 14:09:34] [INFO] main: [Status] Mode=STARTUP, Price=0.0, Line=0
[2025-12-01 14:09:37] [INFO] main: [Status] Mode=STARTUP, Price=0.0, Line=0
[2025-12-01 14:09:40] [INFO] main: [Status] Mode=STARTUP, Price=0.0, Line=0
[2025-12-01 14:09:42] [INFO] main: [Status] Mode=STARTUP, Price=0.0, Line=0
[2025-12-01 14:09:45] [INFO] main: [Status] Mode=STARTUP, Price=0.0, Line=0
[2025-12-01 14:09:48] [INFO] main: [Status] Mode=STARTUP, Price=0.0, Line=0
[2025-12-01 14:09:51] [INFO] main: [Status] Mode=STARTUP, Price=0.0, Line=0
[2025-12-01 14:09:53] [INFO] main: [Status] Mode=STARTUP, Price=0.0, Line=0
[2025-12-01 14:09:56] [INFO] main: [Status] Mode=STARTUP, Price=0.0, Line=0
[2025-12-01 14:09:59] [INFO] main: [Status] Mode=STARTUP, Price=0.0, Line=0
[2025-12-01 14:10:02] [INFO] main: [Status] Mode=STARTUP, Price=0.0, Line=0
[2025-12-01 14:10:04] [INFO] main: [Status] Mode=STARTUP, Price=0.0, Line=0
[2025-12-01 14:10:07] [INFO] main: [Status] Mode=STARTUP, Price=0.0, Line=0
[2025-12-01 14:10:10] [INFO] main: [Status] Mode=STARTUP, Price=0.0, Line=0
[2025-12-01 14:10:13] [INFO] main: [Status] Mode=STARTUP, Price=0.0, Line=0
[2025-12-01 14:10:15] [INFO] main: [Status] Mode=STARTUP, Price=0.0, Line=0
[2025-12-01 14:10:18] [INFO] main: [Status] Mode=STARTUP, Price=0.0, Line=0
[2025-12-01 14:10:21] [INFO] main: [Status] Mode=STARTUP, Price=0.0, Line=0
[2025-12-01 14:10:23] [INFO] main: [Status] Mode=STARTUP, Price=0.0, Line=0
[2025-12-01 14:10:26] [INFO] main: [Status] Mode=STARTUP, Price=0.0, Line=0
[2025-12-01 14:10:29] [INFO] main: [Status] Mode=STARTUP, Price=0.0, Line=0
[2025-12-01 14:10:32] [INFO] main: [Status] Mode=STARTUP, Price=0.0, Line=0
[2025-12-01 14:10:34] [INFO] main: [Status] Mode=STARTUP, Price=0.0, Line=0
[2025-12-01 14:10:37] [INFO] main: [Status] Mode=STARTUP, Price=0.0, Line=0
[2025-12-01 14:10:40] [INFO] main: [Status] Mode=STARTUP, Price=0.0, Line=0
[2025-12-01 14:10:43] [INFO] main: [Status] Mode=STARTUP, Price=0.0, Line=0
[2025-12-01 14:10:45] [INFO] main: [Status] Mode=STARTUP, Price=0.0, Line=0
[2025-12-01 14:10:48] [INFO] main: [Status] Mode=STARTUP, Price=0.0, Line=0
[2025-12-01 14:10:51] [INFO] main: [Status] Mode=STARTUP, Price=0.0, Line=0
[2025-12-01 14:10:53] [INFO] main: [Status] Mode=STARTUP, Price=0.0, Line=0
[2025-12-01 14:10:56] [INFO] main: [Status] Mode=STARTUP, Price=0.0, Line=0
[2025-12-01 14:10:59] [INFO] main: [Status] Mode=STARTUP, Price=0.0, Line=0
[2025-12-01 14:11:02] [INFO] main: [Status] Mode=STARTUP, Price=0.0, Line=0
[2025-12-01 14:11:04] [INFO] main: [Status] Mode=STARTUP, Price=0.0, Line=0
[2025-12-01 14:11:07] [INFO] main: [Status] Mode=STARTUP, Price=0.0, Line=0
[2025-12-01 14:11:10] [INFO] main: [Status] Mode=STARTUP, Price=0.0, Line=0
[2025-12-01 14:11:13] [INFO] main: [Status] Mode=STARTUP, Price=0.0, Line=0
[2025-12-01 14:11:15] [INFO] main: [Status] Mode=STARTUP, Price=0.0, Line=0
