[2025-12-09 08:40:00] [WARNING] exchange_api: [ExchangeAPI] config.SYMBOL=BTC/USDT:USDT μ΄μ§€λ§, v10.1 λ…μ„Έμ— λ”°λΌ BTCUSDT λ΅ κ³ μ •ν•©λ‹λ‹¤.
[2025-12-09 08:40:00] [WARNING] exchange_api: π§ [DRY_RUN] λ¨λ“λ΅ ExchangeAPI μ΄κΈ°ν™” (μ‹¤ κ±°λ μ—†μ)
[2025-12-09 08:40:00] [WARNING] state_manager: BotState JSON μ¤ν‚¤λ§ μ°¨μ΄ κ°μ§€ (missing=set(), extra={'startup_done'}) β†’ νΈν™ λ¨λ“λ΅ λ΅λ“ν•©λ‹λ‹¤.
[2025-12-09 08:40:00] [INFO] state_manager: BotState λ΅λ“: mode=NORMAL wave_id=27413 p_center=91702.4 p_gap=206.7389285714285
[2025-12-09 08:40:00] [INFO] escape_config: [escape_config] YAML loaded but no value changes detected.
[2025-12-09 08:40:00] [WARNING] state_manager: BotState JSON μ¤ν‚¤λ§ μ°¨μ΄ κ°μ§€ (missing=set(), extra={'startup_done'}) β†’ νΈν™ λ¨λ“λ΅ λ΅λ“ν•©λ‹λ‹¤.
[2025-12-09 08:40:00] [INFO] state_manager: BotState λ΅λ“: mode=NORMAL wave_id=27413 p_center=91702.4 p_gap=206.7389285714285
Traceback (most recent call last):
  File "/home/ubuntu/mexc_bot/main_v10.py", line 764, in <module>
    raise SystemExit(main())
                     ^^^^^^
  File "/home/ubuntu/mexc_bot/main_v10.py", line 719, in main
    bot = WaveBot()
          ^^^^^^^^^
  File "/home/ubuntu/mexc_bot/main_v10.py", line 122, in __init__
    self.wave_fsm = WaveFSM(
                    ^^^^^^^^
  File "/home/ubuntu/mexc_bot/strategy/wave_fsm.py", line 60, in __init__
    self.capital_manager = capital_manager  # β… μ¶”κ°€
                           ^^^^^^^^^^^^^^^
NameError: name 'capital_manager' is not defined. Did you mean: 'CapitalManager'?
